2023-08-14 05:33:34,873 [Worker-7: Loading available Gradle versions] INFO  o.e.b.c.i.u.g.PublishedGradleVersions - Gradle version information cache is up-to-date. Trying to read.
2023-08-14 05:37:06,176 [Worker-7: Loading available Gradle versions] INFO  o.e.b.c.i.u.g.PublishedGradleVersions - Gradle version information cache is up-to-date. Trying to read.
2023-08-14 05:40:12,974 [Worker-12: Launching mavenrun-6b3167bf-1fb9-493e-a9d8-55949ad951e6] INFO  o.eclipse.m2e.core.internal.Bundles - getClasspathEntries(Bundle=org.eclipse.m2e.maven.runtime_3.8.604.20221130-2149 [345])
2023-08-14 05:40:12,998 [Worker-12: Launching mavenrun-6b3167bf-1fb9-493e-a9d8-55949ad951e6] INFO  o.eclipse.m2e.core.internal.Bundles - 	Entry: C:\sts-bundle\spring-tool-suite-4-4.17.2.RELEASE-e4.26.0-win32.win32.x86_64.self-extracting\contents\sts-4.17.2.RELEASE\plugins\org.eclipse.m2e.maven.runtime_3.8.604.20221130-2149
2023-08-14 05:40:13,000 [Worker-12: Launching mavenrun-6b3167bf-1fb9-493e-a9d8-55949ad951e6] INFO  o.eclipse.m2e.core.internal.Bundles - 	Entry: C:\sts-bundle\spring-tool-suite-4-4.17.2.RELEASE-e4.26.0-win32.win32.x86_64.self-extracting\contents\sts-4.17.2.RELEASE\plugins\org.eclipse.m2e.maven.runtime_3.8.604.20221130-2149\jars\aether-connector-okhttp-0.17.8.jar
2023-08-14 05:40:13,000 [Worker-12: Launching mavenrun-6b3167bf-1fb9-493e-a9d8-55949ad951e6] INFO  o.eclipse.m2e.core.internal.Bundles - 	Entry: C:\sts-bundle\spring-tool-suite-4-4.17.2.RELEASE-e4.26.0-win32.win32.x86_64.self-extracting\contents\sts-4.17.2.RELEASE\plugins\org.eclipse.m2e.maven.runtime_3.8.604.20221130-2149\jars\commons-cli-1.4.jar
2023-08-14 05:40:13,000 [Worker-12: Launching mavenrun-6b3167bf-1fb9-493e-a9d8-55949ad951e6] INFO  o.eclipse.m2e.core.internal.Bundles - 	Entry: C:\sts-bundle\spring-tool-suite-4-4.17.2.RELEASE-e4.26.0-win32.win32.x86_64.self-extracting\contents\sts-4.17.2.RELEASE\plugins\org.eclipse.m2e.maven.runtime_3.8.604.20221130-2149\jars\commons-io-2.6.jar
2023-08-14 05:40:13,000 [Worker-12: Launching mavenrun-6b3167bf-1fb9-493e-a9d8-55949ad951e6] INFO  o.eclipse.m2e.core.internal.Bundles - 	Entry: C:\sts-bundle\spring-tool-suite-4-4.17.2.RELEASE-e4.26.0-win32.win32.x86_64.self-extracting\contents\sts-4.17.2.RELEASE\plugins\org.eclipse.m2e.maven.runtime_3.8.604.20221130-2149\jars\commons-lang3-3.8.1.jar
2023-08-14 05:40:13,001 [Worker-12: Launching mavenrun-6b3167bf-1fb9-493e-a9d8-55949ad951e6] INFO  o.eclipse.m2e.core.internal.Bundles - 	Entry: C:\sts-bundle\spring-tool-suite-4-4.17.2.RELEASE-e4.26.0-win32.win32.x86_64.self-extracting\contents\sts-4.17.2.RELEASE\plugins\org.eclipse.m2e.maven.runtime_3.8.604.20221130-2149\jars\guice-4.2.2-no_aop.jar
2023-08-14 05:40:13,001 [Worker-12: Launching mavenrun-6b3167bf-1fb9-493e-a9d8-55949ad951e6] INFO  o.eclipse.m2e.core.internal.Bundles - 	Entry: C:\sts-bundle\spring-tool-suite-4-4.17.2.RELEASE-e4.26.0-win32.win32.x86_64.self-extracting\contents\sts-4.17.2.RELEASE\plugins\org.eclipse.m2e.maven.runtime_3.8.604.20221130-2149\jars\jansi-2.4.0.jar
2023-08-14 05:40:13,001 [Worker-12: Launching mavenrun-6b3167bf-1fb9-493e-a9d8-55949ad951e6] INFO  o.eclipse.m2e.core.internal.Bundles - 	Entry: C:\sts-bundle\spring-tool-suite-4-4.17.2.RELEASE-e4.26.0-win32.win32.x86_64.self-extracting\contents\sts-4.17.2.RELEASE\plugins\org.eclipse.m2e.maven.runtime_3.8.604.20221130-2149\jars\maven-artifact-3.8.6.jar
2023-08-14 05:40:13,001 [Worker-12: Launching mavenrun-6b3167bf-1fb9-493e-a9d8-55949ad951e6] INFO  o.eclipse.m2e.core.internal.Bundles - 	Entry: C:\sts-bundle\spring-tool-suite-4-4.17.2.RELEASE-e4.26.0-win32.win32.x86_64.self-extracting\contents\sts-4.17.2.RELEASE\plugins\org.eclipse.m2e.maven.runtime_3.8.604.20221130-2149\jars\maven-builder-support-3.8.6.jar
2023-08-14 05:40:13,002 [Worker-12: Launching mavenrun-6b3167bf-1fb9-493e-a9d8-55949ad951e6] INFO  o.eclipse.m2e.core.internal.Bundles - 	Entry: C:\sts-bundle\spring-tool-suite-4-4.17.2.RELEASE-e4.26.0-win32.win32.x86_64.self-extracting\contents\sts-4.17.2.RELEASE\plugins\org.eclipse.m2e.maven.runtime_3.8.604.20221130-2149\jars\maven-compat-3.8.6.jar
2023-08-14 05:40:13,002 [Worker-12: Launching mavenrun-6b3167bf-1fb9-493e-a9d8-55949ad951e6] INFO  o.eclipse.m2e.core.internal.Bundles - 	Entry: C:\sts-bundle\spring-tool-suite-4-4.17.2.RELEASE-e4.26.0-win32.win32.x86_64.self-extracting\contents\sts-4.17.2.RELEASE\plugins\org.eclipse.m2e.maven.runtime_3.8.604.20221130-2149\jars\maven-core-3.8.6.jar
2023-08-14 05:40:13,002 [Worker-12: Launching mavenrun-6b3167bf-1fb9-493e-a9d8-55949ad951e6] INFO  o.eclipse.m2e.core.internal.Bundles - 	Entry: C:\sts-bundle\spring-tool-suite-4-4.17.2.RELEASE-e4.26.0-win32.win32.x86_64.self-extracting\contents\sts-4.17.2.RELEASE\plugins\org.eclipse.m2e.maven.runtime_3.8.604.20221130-2149\jars\maven-embedder-3.8.6.jar
2023-08-14 05:40:13,003 [Worker-12: Launching mavenrun-6b3167bf-1fb9-493e-a9d8-55949ad951e6] INFO  o.eclipse.m2e.core.internal.Bundles - 	Entry: C:\sts-bundle\spring-tool-suite-4-4.17.2.RELEASE-e4.26.0-win32.win32.x86_64.self-extracting\contents\sts-4.17.2.RELEASE\plugins\org.eclipse.m2e.maven.runtime_3.8.604.20221130-2149\jars\maven-model-3.8.6.jar
2023-08-14 05:40:13,003 [Worker-12: Launching mavenrun-6b3167bf-1fb9-493e-a9d8-55949ad951e6] INFO  o.eclipse.m2e.core.internal.Bundles - 	Entry: C:\sts-bundle\spring-tool-suite-4-4.17.2.RELEASE-e4.26.0-win32.win32.x86_64.self-extracting\contents\sts-4.17.2.RELEASE\plugins\org.eclipse.m2e.maven.runtime_3.8.604.20221130-2149\jars\maven-model-builder-3.8.6.jar
2023-08-14 05:40:13,003 [Worker-12: Launching mavenrun-6b3167bf-1fb9-493e-a9d8-55949ad951e6] INFO  o.eclipse.m2e.core.internal.Bundles - 	Entry: C:\sts-bundle\spring-tool-suite-4-4.17.2.RELEASE-e4.26.0-win32.win32.x86_64.self-extracting\contents\sts-4.17.2.RELEASE\plugins\org.eclipse.m2e.maven.runtime_3.8.604.20221130-2149\jars\maven-plugin-api-3.8.6.jar
2023-08-14 05:40:13,003 [Worker-12: Launching mavenrun-6b3167bf-1fb9-493e-a9d8-55949ad951e6] INFO  o.eclipse.m2e.core.internal.Bundles - 	Entry: C:\sts-bundle\spring-tool-suite-4-4.17.2.RELEASE-e4.26.0-win32.win32.x86_64.self-extracting\contents\sts-4.17.2.RELEASE\plugins\org.eclipse.m2e.maven.runtime_3.8.604.20221130-2149\jars\maven-repository-metadata-3.8.6.jar
2023-08-14 05:40:13,003 [Worker-12: Launching mavenrun-6b3167bf-1fb9-493e-a9d8-55949ad951e6] INFO  o.eclipse.m2e.core.internal.Bundles - 	Entry: C:\sts-bundle\spring-tool-suite-4-4.17.2.RELEASE-e4.26.0-win32.win32.x86_64.self-extracting\contents\sts-4.17.2.RELEASE\plugins\org.eclipse.m2e.maven.runtime_3.8.604.20221130-2149\jars\maven-resolver-api-1.6.3.jar
2023-08-14 05:40:13,004 [Worker-12: Launching mavenrun-6b3167bf-1fb9-493e-a9d8-55949ad951e6] INFO  o.eclipse.m2e.core.internal.Bundles - 	Entry: C:\sts-bundle\spring-tool-suite-4-4.17.2.RELEASE-e4.26.0-win32.win32.x86_64.self-extracting\contents\sts-4.17.2.RELEASE\plugins\org.eclipse.m2e.maven.runtime_3.8.604.20221130-2149\jars\maven-resolver-connector-basic-1.6.3.jar
2023-08-14 05:40:13,004 [Worker-12: Launching mavenrun-6b3167bf-1fb9-493e-a9d8-55949ad951e6] INFO  o.eclipse.m2e.core.internal.Bundles - 	Entry: C:\sts-bundle\spring-tool-suite-4-4.17.2.RELEASE-e4.26.0-win32.win32.x86_64.self-extracting\contents\sts-4.17.2.RELEASE\plugins\org.eclipse.m2e.maven.runtime_3.8.604.20221130-2149\jars\maven-resolver-impl-1.6.3.jar
2023-08-14 05:40:13,005 [Worker-12: Launching mavenrun-6b3167bf-1fb9-493e-a9d8-55949ad951e6] INFO  o.eclipse.m2e.core.internal.Bundles - 	Entry: C:\sts-bundle\spring-tool-suite-4-4.17.2.RELEASE-e4.26.0-win32.win32.x86_64.self-extracting\contents\sts-4.17.2.RELEASE\plugins\org.eclipse.m2e.maven.runtime_3.8.604.20221130-2149\jars\maven-resolver-provider-3.8.6.jar
2023-08-14 05:40:13,005 [Worker-12: Launching mavenrun-6b3167bf-1fb9-493e-a9d8-55949ad951e6] INFO  o.eclipse.m2e.core.internal.Bundles - 	Entry: C:\sts-bundle\spring-tool-suite-4-4.17.2.RELEASE-e4.26.0-win32.win32.x86_64.self-extracting\contents\sts-4.17.2.RELEASE\plugins\org.eclipse.m2e.maven.runtime_3.8.604.20221130-2149\jars\maven-resolver-spi-1.6.3.jar
2023-08-14 05:40:13,005 [Worker-12: Launching mavenrun-6b3167bf-1fb9-493e-a9d8-55949ad951e6] INFO  o.eclipse.m2e.core.internal.Bundles - 	Entry: C:\sts-bundle\spring-tool-suite-4-4.17.2.RELEASE-e4.26.0-win32.win32.x86_64.self-extracting\contents\sts-4.17.2.RELEASE\plugins\org.eclipse.m2e.maven.runtime_3.8.604.20221130-2149\jars\maven-resolver-transport-wagon-1.6.3.jar
2023-08-14 05:40:13,006 [Worker-12: Launching mavenrun-6b3167bf-1fb9-493e-a9d8-55949ad951e6] INFO  o.eclipse.m2e.core.internal.Bundles - 	Entry: C:\sts-bundle\spring-tool-suite-4-4.17.2.RELEASE-e4.26.0-win32.win32.x86_64.self-extracting\contents\sts-4.17.2.RELEASE\plugins\org.eclipse.m2e.maven.runtime_3.8.604.20221130-2149\jars\maven-resolver-util-1.6.3.jar
2023-08-14 05:40:13,006 [Worker-12: Launching mavenrun-6b3167bf-1fb9-493e-a9d8-55949ad951e6] INFO  o.eclipse.m2e.core.internal.Bundles - 	Entry: C:\sts-bundle\spring-tool-suite-4-4.17.2.RELEASE-e4.26.0-win32.win32.x86_64.self-extracting\contents\sts-4.17.2.RELEASE\plugins\org.eclipse.m2e.maven.runtime_3.8.604.20221130-2149\jars\maven-settings-3.8.6.jar
2023-08-14 05:40:13,006 [Worker-12: Launching mavenrun-6b3167bf-1fb9-493e-a9d8-55949ad951e6] INFO  o.eclipse.m2e.core.internal.Bundles - 	Entry: C:\sts-bundle\spring-tool-suite-4-4.17.2.RELEASE-e4.26.0-win32.win32.x86_64.self-extracting\contents\sts-4.17.2.RELEASE\plugins\org.eclipse.m2e.maven.runtime_3.8.604.20221130-2149\jars\maven-settings-builder-3.8.6.jar
2023-08-14 05:40:13,007 [Worker-12: Launching mavenrun-6b3167bf-1fb9-493e-a9d8-55949ad951e6] INFO  o.eclipse.m2e.core.internal.Bundles - 	Entry: C:\sts-bundle\spring-tool-suite-4-4.17.2.RELEASE-e4.26.0-win32.win32.x86_64.self-extracting\contents\sts-4.17.2.RELEASE\plugins\org.eclipse.m2e.maven.runtime_3.8.604.20221130-2149\jars\maven-shared-utils-3.3.4.jar
2023-08-14 05:40:13,007 [Worker-12: Launching mavenrun-6b3167bf-1fb9-493e-a9d8-55949ad951e6] INFO  o.eclipse.m2e.core.internal.Bundles - 	Entry: C:\sts-bundle\spring-tool-suite-4-4.17.2.RELEASE-e4.26.0-win32.win32.x86_64.self-extracting\contents\sts-4.17.2.RELEASE\plugins\org.eclipse.m2e.maven.runtime_3.8.604.20221130-2149\jars\okhttp-3.14.1.jar
2023-08-14 05:40:13,008 [Worker-12: Launching mavenrun-6b3167bf-1fb9-493e-a9d8-55949ad951e6] INFO  o.eclipse.m2e.core.internal.Bundles - 	Entry: C:\sts-bundle\spring-tool-suite-4-4.17.2.RELEASE-e4.26.0-win32.win32.x86_64.self-extracting\contents\sts-4.17.2.RELEASE\plugins\org.eclipse.m2e.maven.runtime_3.8.604.20221130-2149\jars\okio-1.17.3.jar
2023-08-14 05:40:13,009 [Worker-12: Launching mavenrun-6b3167bf-1fb9-493e-a9d8-55949ad951e6] INFO  o.eclipse.m2e.core.internal.Bundles - 	Entry: C:\sts-bundle\spring-tool-suite-4-4.17.2.RELEASE-e4.26.0-win32.win32.x86_64.self-extracting\contents\sts-4.17.2.RELEASE\plugins\org.eclipse.m2e.maven.runtime_3.8.604.20221130-2149\jars\org.eclipse.sisu.inject-0.3.5.jar
2023-08-14 05:40:13,009 [Worker-12: Launching mavenrun-6b3167bf-1fb9-493e-a9d8-55949ad951e6] INFO  o.eclipse.m2e.core.internal.Bundles - 	Entry: C:\sts-bundle\spring-tool-suite-4-4.17.2.RELEASE-e4.26.0-win32.win32.x86_64.self-extracting\contents\sts-4.17.2.RELEASE\plugins\org.eclipse.m2e.maven.runtime_3.8.604.20221130-2149\jars\org.eclipse.sisu.plexus-0.3.5.jar
2023-08-14 05:40:13,010 [Worker-12: Launching mavenrun-6b3167bf-1fb9-493e-a9d8-55949ad951e6] INFO  o.eclipse.m2e.core.internal.Bundles - 	Entry: C:\sts-bundle\spring-tool-suite-4-4.17.2.RELEASE-e4.26.0-win32.win32.x86_64.self-extracting\contents\sts-4.17.2.RELEASE\plugins\org.eclipse.m2e.maven.runtime_3.8.604.20221130-2149\jars\plexus-build-api-0.0.7.jar
2023-08-14 05:40:13,010 [Worker-12: Launching mavenrun-6b3167bf-1fb9-493e-a9d8-55949ad951e6] INFO  o.eclipse.m2e.core.internal.Bundles - 	Entry: C:\sts-bundle\spring-tool-suite-4-4.17.2.RELEASE-e4.26.0-win32.win32.x86_64.self-extracting\contents\sts-4.17.2.RELEASE\plugins\org.eclipse.m2e.maven.runtime_3.8.604.20221130-2149\jars\plexus-cipher-2.0.jar
2023-08-14 05:40:13,010 [Worker-12: Launching mavenrun-6b3167bf-1fb9-493e-a9d8-55949ad951e6] INFO  o.eclipse.m2e.core.internal.Bundles - 	Entry: C:\sts-bundle\spring-tool-suite-4-4.17.2.RELEASE-e4.26.0-win32.win32.x86_64.self-extracting\contents\sts-4.17.2.RELEASE\plugins\org.eclipse.m2e.maven.runtime_3.8.604.20221130-2149\jars\plexus-classworlds-2.6.0.jar
2023-08-14 05:40:13,011 [Worker-12: Launching mavenrun-6b3167bf-1fb9-493e-a9d8-55949ad951e6] INFO  o.eclipse.m2e.core.internal.Bundles - 	Entry: C:\sts-bundle\spring-tool-suite-4-4.17.2.RELEASE-e4.26.0-win32.win32.x86_64.self-extracting\contents\sts-4.17.2.RELEASE\plugins\org.eclipse.m2e.maven.runtime_3.8.604.20221130-2149\jars\plexus-component-annotations-2.1.0.jar
2023-08-14 05:40:13,011 [Worker-12: Launching mavenrun-6b3167bf-1fb9-493e-a9d8-55949ad951e6] INFO  o.eclipse.m2e.core.internal.Bundles - 	Entry: C:\sts-bundle\spring-tool-suite-4-4.17.2.RELEASE-e4.26.0-win32.win32.x86_64.self-extracting\contents\sts-4.17.2.RELEASE\plugins\org.eclipse.m2e.maven.runtime_3.8.604.20221130-2149\jars\plexus-interpolation-1.26.jar
2023-08-14 05:40:13,011 [Worker-12: Launching mavenrun-6b3167bf-1fb9-493e-a9d8-55949ad951e6] INFO  o.eclipse.m2e.core.internal.Bundles - 	Entry: C:\sts-bundle\spring-tool-suite-4-4.17.2.RELEASE-e4.26.0-win32.win32.x86_64.self-extracting\contents\sts-4.17.2.RELEASE\plugins\org.eclipse.m2e.maven.runtime_3.8.604.20221130-2149\jars\plexus-sec-dispatcher-2.0.jar
2023-08-14 05:40:13,012 [Worker-12: Launching mavenrun-6b3167bf-1fb9-493e-a9d8-55949ad951e6] INFO  o.eclipse.m2e.core.internal.Bundles - 	Entry: C:\sts-bundle\spring-tool-suite-4-4.17.2.RELEASE-e4.26.0-win32.win32.x86_64.self-extracting\contents\sts-4.17.2.RELEASE\plugins\org.eclipse.m2e.maven.runtime_3.8.604.20221130-2149\jars\plexus-utils-3.3.1.jar
2023-08-14 05:40:13,012 [Worker-12: Launching mavenrun-6b3167bf-1fb9-493e-a9d8-55949ad951e6] INFO  o.eclipse.m2e.core.internal.Bundles - 	Entry: C:\sts-bundle\spring-tool-suite-4-4.17.2.RELEASE-e4.26.0-win32.win32.x86_64.self-extracting\contents\sts-4.17.2.RELEASE\plugins\org.eclipse.m2e.maven.runtime_3.8.604.20221130-2149\jars\wagon-file-3.5.1.jar
2023-08-14 05:40:13,012 [Worker-12: Launching mavenrun-6b3167bf-1fb9-493e-a9d8-55949ad951e6] INFO  o.eclipse.m2e.core.internal.Bundles - 	Entry: C:\sts-bundle\spring-tool-suite-4-4.17.2.RELEASE-e4.26.0-win32.win32.x86_64.self-extracting\contents\sts-4.17.2.RELEASE\plugins\org.eclipse.m2e.maven.runtime_3.8.604.20221130-2149\jars\wagon-provider-api-3.5.1.jar
2023-08-14 05:40:13,016 [Worker-12: Launching mavenrun-6b3167bf-1fb9-493e-a9d8-55949ad951e6] INFO  o.eclipse.m2e.core.internal.Bundles - getClasspathEntries(Bundle=com.google.guava_30.1.0.v20221112-0806 [22])
2023-08-14 05:40:13,019 [Worker-12: Launching mavenrun-6b3167bf-1fb9-493e-a9d8-55949ad951e6] INFO  o.eclipse.m2e.core.internal.Bundles - 	Entry: C:\sts-bundle\spring-tool-suite-4-4.17.2.RELEASE-e4.26.0-win32.win32.x86_64.self-extracting\contents\sts-4.17.2.RELEASE\plugins\com.google.guava_30.1.0.v20221112-0806.jar
2023-08-14 05:40:13,020 [Worker-12: Launching mavenrun-6b3167bf-1fb9-493e-a9d8-55949ad951e6] INFO  o.eclipse.m2e.core.internal.Bundles - getClasspathEntries(Bundle=slf4j.api_1.7.36 [584])
2023-08-14 05:40:13,022 [Worker-12: Launching mavenrun-6b3167bf-1fb9-493e-a9d8-55949ad951e6] INFO  o.eclipse.m2e.core.internal.Bundles - 	Entry: C:\sts-bundle\spring-tool-suite-4-4.17.2.RELEASE-e4.26.0-win32.win32.x86_64.self-extracting\contents\sts-4.17.2.RELEASE\plugins\slf4j.api_1.7.36.jar
2023-08-14 05:40:13,022 [Worker-12: Launching mavenrun-6b3167bf-1fb9-493e-a9d8-55949ad951e6] INFO  o.eclipse.m2e.core.internal.Bundles - getClasspathEntries(Bundle=javax.inject_1.0.0.v20220405-0441 [49])
2023-08-14 05:40:13,024 [Worker-12: Launching mavenrun-6b3167bf-1fb9-493e-a9d8-55949ad951e6] INFO  o.eclipse.m2e.core.internal.Bundles - 	Entry: C:\sts-bundle\spring-tool-suite-4-4.17.2.RELEASE-e4.26.0-win32.win32.x86_64.self-extracting\contents\sts-4.17.2.RELEASE\plugins\javax.inject_1.0.0.v20220405-0441.jar
2023-08-14 05:40:13,025 [Worker-12: Launching mavenrun-6b3167bf-1fb9-493e-a9d8-55949ad951e6] INFO  o.eclipse.m2e.core.internal.Bundles - getClasspathEntries(Bundle=javax.annotation_1.3.5.v20221112-0806 [47])
2023-08-14 05:40:13,027 [Worker-12: Launching mavenrun-6b3167bf-1fb9-493e-a9d8-55949ad951e6] INFO  o.eclipse.m2e.core.internal.Bundles - 	Entry: C:\sts-bundle\spring-tool-suite-4-4.17.2.RELEASE-e4.26.0-win32.win32.x86_64.self-extracting\contents\sts-4.17.2.RELEASE\plugins\javax.annotation_1.3.5.v20221112-0806.jar
2023-08-14 05:40:13,043 [Worker-12: Launching mavenrun-6b3167bf-1fb9-493e-a9d8-55949ad951e6] INFO  o.e.m.i.launch.MavenLaunchDelegate - Run build in "C:\Users\bhavn\AppData\Local\Temp\m2e-archetypeGenerator9265079270342963586":
2023-08-14 05:40:13,052 [Worker-12: Launching mavenrun-6b3167bf-1fb9-493e-a9d8-55949ad951e6] INFO  o.e.m.i.launch.MavenLaunchDelegate -  mvn  -DarchetypeGroupId=org.apache.maven.archetypes -DarchetypeArtifactId=maven-archetype-webapp -DarchetypeVersion=1.4 -DgroupId=mvc -DartifactId=basicweb -Dversion=1.0 -Dpackage=mvc.basicweb -DoutputDirectory="D:\springproj\Spring web mvc" -Dstyle.color=always -U archetype:generate
2023-08-14 05:40:37,012 [Worker-3: Creating maven-archetype-webapp] INFO  o.e.m.c.i.p.ProjectConfigurationManager - Collecting project info '/pom.xml' D:\springproj\Spring web mvc\basicweb\pom.xml
2023-08-14 05:40:41,001 [Worker-3: Creating maven-archetype-webapp] INFO  o.e.m.c.i.l.LifecycleMappingFactory - Using org.maven.ide.eclipse.wtp.WarLifecycleMapping lifecycle mapping for MavenProject: mvc:basicweb:1.0 @ D:\springproj\Spring web mvc\basicweb\pom.xml.
2023-08-14 05:40:43,357 [Worker-3: Creating maven-archetype-webapp] INFO  o.e.m.j.i.AbstractJavaProjectConfigurator - Adding source folder /basicweb/src/main/java
2023-08-14 05:40:43,358 [Worker-3: Creating maven-archetype-webapp] INFO  o.e.m.j.i.AbstractJavaProjectConfigurator - Adding source folder /basicweb/src/test/java
2023-08-14 05:40:45,120 [Worker-3: Creating maven-archetype-webapp] INFO  o.e.m.c.i.p.ProjectConfigurationManager - Imported and configured 1 project(s) in 8 sec
2023-08-14 05:40:46,585 [Worker-3: Building] INFO  o.e.m.c.i.embedder.EclipseLogger - Using 'UTF-8' encoding to copy filtered resources.
2023-08-14 05:40:46,585 [Worker-3: Building] INFO  o.e.m.c.i.embedder.EclipseLogger - skip non existing resourceDirectory D:\springproj\Spring web mvc\basicweb\src\main\resources
2023-08-14 05:40:46,592 [Worker-3: Building] INFO  o.e.m.c.i.embedder.EclipseLogger - Using 'UTF-8' encoding to copy filtered resources.
2023-08-14 05:40:46,592 [Worker-3: Building] INFO  o.e.m.c.i.embedder.EclipseLogger - skip non existing resourceDirectory D:\springproj\Spring web mvc\basicweb\src\test\resources
2023-08-14 05:43:39,153 [Worker-13: Launching mavenrun-6c2397a9-14c5-4079-b1a9-25340cf7422e] INFO  o.e.m.i.launch.MavenLaunchDelegate - Run build in "C:\Users\bhavn\AppData\Local\Temp\m2e-archetypeGenerator10917772631525305608":
2023-08-14 05:43:39,153 [Worker-13: Launching mavenrun-6c2397a9-14c5-4079-b1a9-25340cf7422e] INFO  o.e.m.i.launch.MavenLaunchDelegate -  mvn  -DarchetypeGroupId=org.apache.maven.archetypes -DarchetypeArtifactId=maven-archetype-webapp -DarchetypeVersion=1.4 -DgroupId=mvc -DartifactId=basicweb -Dversion=1.0.0 -Dpackage=com.mba -DoutputDirectory="D:\springproj\Spring web mvc" -B -Dstyle.color=always -U archetype:generate
2023-08-14 05:43:51,379 [Worker-14: Creating maven-archetype-webapp] INFO  o.e.m.c.i.p.ProjectConfigurationManager - Collecting project info '/pom.xml' D:\springproj\Spring web mvc\basicweb\pom.xml
2023-08-14 05:43:51,935 [Worker-14: Creating maven-archetype-webapp] INFO  o.e.m.c.i.l.LifecycleMappingFactory - Using org.maven.ide.eclipse.wtp.WarLifecycleMapping lifecycle mapping for MavenProject: mvc:basicweb:1.0.0 @ D:\springproj\Spring web mvc\basicweb\pom.xml.
2023-08-14 05:43:52,753 [Worker-14: Creating maven-archetype-webapp] INFO  o.e.m.j.i.AbstractJavaProjectConfigurator - Adding source folder /basicweb/src/main/java
2023-08-14 05:43:52,754 [Worker-14: Creating maven-archetype-webapp] INFO  o.e.m.j.i.AbstractJavaProjectConfigurator - Adding source folder /basicweb/src/test/java
2023-08-14 05:43:53,632 [Worker-14: Creating maven-archetype-webapp] INFO  o.e.m.c.i.p.ProjectConfigurationManager - Imported and configured 1 project(s) in 2 sec
2023-08-14 05:43:53,893 [Worker-12: Building] INFO  o.e.m.c.i.embedder.EclipseLogger - Using 'UTF-8' encoding to copy filtered resources.
2023-08-14 05:43:53,894 [Worker-12: Building] INFO  o.e.m.c.i.embedder.EclipseLogger - skip non existing resourceDirectory D:\springproj\Spring web mvc\basicweb\src\main\resources
2023-08-14 05:43:53,900 [Worker-12: Building] INFO  o.e.m.c.i.embedder.EclipseLogger - Using 'UTF-8' encoding to copy filtered resources.
2023-08-14 05:43:53,900 [Worker-12: Building] INFO  o.e.m.c.i.embedder.EclipseLogger - skip non existing resourceDirectory D:\springproj\Spring web mvc\basicweb\src\test\resources
2023-08-14 05:44:39,309 [Worker-14: Building] INFO  o.e.m.c.i.embedder.EclipseLogger - Using 'UTF-8' encoding to copy filtered resources.
2023-08-14 05:44:39,310 [Worker-14: Building] INFO  o.e.m.c.i.embedder.EclipseLogger - skip non existing resourceDirectory D:\springproj\Spring web mvc\basicweb\src\main\resources
2023-08-14 05:44:39,316 [Worker-14: Building] INFO  o.e.m.c.i.embedder.EclipseLogger - Using 'UTF-8' encoding to copy filtered resources.
2023-08-14 05:44:39,317 [Worker-14: Building] INFO  o.e.m.c.i.embedder.EclipseLogger - skip non existing resourceDirectory D:\springproj\Spring web mvc\basicweb\src\test\resources
2023-08-14 05:46:16,756 [Worker-14: Building] INFO  o.e.m.c.i.l.LifecycleMappingFactory - Using org.maven.ide.eclipse.wtp.WarLifecycleMapping lifecycle mapping for MavenProject: mvc:basicweb:1.0.0 @ D:\springproj\Spring web mvc\basicweb\pom.xml.
2023-08-14 05:46:18,327 [Worker-14: Building] INFO  o.e.m.c.i.embedder.EclipseLogger - Using 'UTF-8' encoding to copy filtered resources.
2023-08-14 05:46:18,327 [Worker-14: Building] INFO  o.e.m.c.i.embedder.EclipseLogger - skip non existing resourceDirectory D:\springproj\Spring web mvc\basicweb\src\main\resources
2023-08-14 05:46:18,332 [Worker-14: Building] INFO  o.e.m.c.i.embedder.EclipseLogger - Using 'UTF-8' encoding to copy filtered resources.
2023-08-14 05:46:18,333 [Worker-14: Building] INFO  o.e.m.c.i.embedder.EclipseLogger - skip non existing resourceDirectory D:\springproj\Spring web mvc\basicweb\src\test\resources
2023-08-14 05:46:18,335 [Worker-14: Building] INFO  o.e.m.w.i.f.ResourceFilteringBuildParticipant - Changed resources require a complete clean of filtered resources of basicweb
2023-08-14 05:46:18,336 [Worker-14: Building] INFO  o.e.m.w.i.f.ResourceFilteringBuildParticipant - Executing resource filtering for basicweb
2023-08-14 05:46:18,344 [Worker-14: Building] INFO  o.e.m.c.i.embedder.EclipseLogger - Using 'UTF-8' encoding to copy filtered resources.
2023-08-14 05:46:18,993 [Worker-13: Download sources and javadoc] INFO  o.e.m.c.i.e.AbstractTransferListenerAdapter - Downloading https://repo.maven.apache.org/maven2/org/springframework/spring-webmvc/6.0.11/spring-webmvc-6.0.11-sources.jar
2023-08-14 05:46:19,300 [Worker-13: Download sources and javadoc] INFO  o.e.m.c.i.e.AbstractTransferListenerAdapter - Downloaded https://repo.maven.apache.org/maven2/org/springframework/spring-webmvc/6.0.11/spring-webmvc-6.0.11-sources.jar
2023-08-14 05:46:19,306 [Worker-13: Download sources and javadoc] INFO  o.e.m.j.internal.DownloadSourcesJob - Downloaded sources for org.springframework:spring-webmvc:6.0.11
2023-08-14 05:46:19,495 [Worker-13: Download sources and javadoc] INFO  o.e.m.c.i.e.AbstractTransferListenerAdapter - Downloading https://repo.maven.apache.org/maven2/org/springframework/spring-web/6.0.11/spring-web-6.0.11-sources.jar
2023-08-14 05:46:19,942 [Worker-13: Download sources and javadoc] INFO  o.e.m.c.i.e.AbstractTransferListenerAdapter - Downloaded https://repo.maven.apache.org/maven2/org/springframework/spring-web/6.0.11/spring-web-6.0.11-sources.jar
2023-08-14 05:46:19,948 [Worker-13: Download sources and javadoc] INFO  o.e.m.j.internal.DownloadSourcesJob - Downloaded sources for org.springframework:spring-web:6.0.11
2023-08-14 05:46:20,020 [Worker-13: Download sources and javadoc] INFO  o.e.m.c.i.e.AbstractTransferListenerAdapter - Downloading https://repo.maven.apache.org/maven2/io/micrometer/micrometer-observation/1.10.9/micrometer-observation-1.10.9-sources.jar
2023-08-14 05:46:20,705 [Worker-13: Download sources and javadoc] INFO  o.e.m.c.i.e.AbstractTransferListenerAdapter - Downloaded https://repo.maven.apache.org/maven2/io/micrometer/micrometer-observation/1.10.9/micrometer-observation-1.10.9-sources.jar
2023-08-14 05:46:20,711 [Worker-13: Download sources and javadoc] INFO  o.e.m.j.internal.DownloadSourcesJob - Downloaded sources for io.micrometer:micrometer-observation:1.10.9
2023-08-14 05:46:20,792 [Worker-13: Download sources and javadoc] INFO  o.e.m.c.i.e.AbstractTransferListenerAdapter - Downloading https://repo.maven.apache.org/maven2/io/micrometer/micrometer-commons/1.10.9/micrometer-commons-1.10.9-sources.jar
2023-08-14 05:46:21,372 [Worker-13: Download sources and javadoc] INFO  o.e.m.c.i.e.AbstractTransferListenerAdapter - Downloaded https://repo.maven.apache.org/maven2/io/micrometer/micrometer-commons/1.10.9/micrometer-commons-1.10.9-sources.jar
2023-08-14 05:46:21,379 [Worker-13: Download sources and javadoc] INFO  o.e.m.j.internal.DownloadSourcesJob - Downloaded sources for io.micrometer:micrometer-commons:1.10.9
2023-08-14 05:46:21,599 [Worker-13: Building] INFO  o.e.m.c.i.embedder.EclipseLogger - Using 'UTF-8' encoding to copy filtered resources.
2023-08-14 05:46:21,599 [Worker-13: Building] INFO  o.e.m.c.i.embedder.EclipseLogger - skip non existing resourceDirectory D:\springproj\Spring web mvc\basicweb\src\main\resources
2023-08-14 05:46:21,602 [Worker-13: Building] INFO  o.e.m.c.i.embedder.EclipseLogger - Using 'UTF-8' encoding to copy filtered resources.
2023-08-14 05:46:21,602 [Worker-13: Building] INFO  o.e.m.c.i.embedder.EclipseLogger - skip non existing resourceDirectory D:\springproj\Spring web mvc\basicweb\src\test\resources
2023-08-14 05:49:07,077 [Worker-18: Building] INFO  o.e.m.c.i.l.LifecycleMappingFactory - Using org.maven.ide.eclipse.wtp.WarLifecycleMapping lifecycle mapping for MavenProject: mvc:basicweb:1.0.0 @ D:\springproj\Spring web mvc\basicweb\pom.xml.
2023-08-14 05:49:08,604 [Worker-18: Building] INFO  o.e.m.c.i.embedder.EclipseLogger - Using 'UTF-8' encoding to copy filtered resources.
2023-08-14 05:49:08,606 [Worker-18: Building] INFO  o.e.m.c.i.embedder.EclipseLogger - skip non existing resourceDirectory D:\springproj\Spring web mvc\basicweb\src\main\resources
2023-08-14 05:49:08,609 [Worker-18: Building] INFO  o.e.m.c.i.embedder.EclipseLogger - Using 'UTF-8' encoding to copy filtered resources.
2023-08-14 05:49:08,609 [Worker-18: Building] INFO  o.e.m.c.i.embedder.EclipseLogger - skip non existing resourceDirectory D:\springproj\Spring web mvc\basicweb\src\test\resources
2023-08-14 05:49:08,610 [Worker-18: Building] INFO  o.e.m.w.i.f.ResourceFilteringBuildParticipant - Changed resources require a complete clean of filtered resources of basicweb
2023-08-14 05:49:08,610 [Worker-18: Building] INFO  o.e.m.w.i.f.ResourceFilteringBuildParticipant - Executing resource filtering for basicweb
2023-08-14 05:49:08,617 [Worker-18: Building] INFO  o.e.m.c.i.embedder.EclipseLogger - Using 'UTF-8' encoding to copy filtered resources.
2023-08-14 05:49:09,235 [Worker-23: Download sources and javadoc] INFO  o.e.m.c.i.e.AbstractTransferListenerAdapter - Downloading https://repo.maven.apache.org/maven2/jakarta/servlet/jakarta.servlet-api/6.0.0/jakarta.servlet-api-6.0.0-sources.jar
2023-08-14 05:49:09,393 [Worker-23: Download sources and javadoc] INFO  o.e.m.c.i.e.AbstractTransferListenerAdapter - Downloaded https://repo.maven.apache.org/maven2/jakarta/servlet/jakarta.servlet-api/6.0.0/jakarta.servlet-api-6.0.0-sources.jar
2023-08-14 05:49:09,418 [Worker-23: Download sources and javadoc] INFO  o.e.m.j.internal.DownloadSourcesJob - Downloaded sources for jakarta.servlet:jakarta.servlet-api:6.0.0
2023-08-14 05:49:09,680 [Worker-23: Download sources and javadoc] INFO  o.e.m.c.i.e.AbstractTransferListenerAdapter - Downloading https://repo.maven.apache.org/maven2/jakarta/servlet/jsp/jstl/jakarta.servlet.jsp.jstl-api/3.0.0/jakarta.servlet.jsp.jstl-api-3.0.0-sources.jar
2023-08-14 05:49:09,767 [Worker-23: Download sources and javadoc] INFO  o.e.m.c.i.e.AbstractTransferListenerAdapter - Downloaded https://repo.maven.apache.org/maven2/jakarta/servlet/jsp/jstl/jakarta.servlet.jsp.jstl-api/3.0.0/jakarta.servlet.jsp.jstl-api-3.0.0-sources.jar
2023-08-14 05:49:09,775 [Worker-23: Download sources and javadoc] INFO  o.e.m.j.internal.DownloadSourcesJob - Downloaded sources for jakarta.servlet.jsp.jstl:jakarta.servlet.jsp.jstl-api:3.0.0
2023-08-14 05:49:10,024 [Worker-23: Download sources and javadoc] INFO  o.e.m.c.i.e.AbstractTransferListenerAdapter - Downloading https://repo.maven.apache.org/maven2/jakarta/el/jakarta.el-api/5.0.0/jakarta.el-api-5.0.0-sources.jar
2023-08-14 05:49:10,103 [Worker-23: Download sources and javadoc] INFO  o.e.m.c.i.e.AbstractTransferListenerAdapter - Downloaded https://repo.maven.apache.org/maven2/jakarta/el/jakarta.el-api/5.0.0/jakarta.el-api-5.0.0-sources.jar
2023-08-14 05:49:10,110 [Worker-23: Download sources and javadoc] INFO  o.e.m.j.internal.DownloadSourcesJob - Downloaded sources for jakarta.el:jakarta.el-api:5.0.0
2023-08-14 05:49:10,239 [Worker-23: Download sources and javadoc] INFO  o.e.m.c.i.e.AbstractTransferListenerAdapter - Downloading https://repo.maven.apache.org/maven2/jakarta/servlet/jsp/jakarta.servlet.jsp-api/3.1.1/jakarta.servlet.jsp-api-3.1.1-sources.jar
2023-08-14 05:49:10,312 [Worker-23: Download sources and javadoc] INFO  o.e.m.c.i.e.AbstractTransferListenerAdapter - Downloaded https://repo.maven.apache.org/maven2/jakarta/servlet/jsp/jakarta.servlet.jsp-api/3.1.1/jakarta.servlet.jsp-api-3.1.1-sources.jar
2023-08-14 05:49:10,316 [Worker-23: Download sources and javadoc] INFO  o.e.m.j.internal.DownloadSourcesJob - Downloaded sources for jakarta.servlet.jsp:jakarta.servlet.jsp-api:3.1.1
2023-08-14 05:49:10,700 [Worker-21: Building] INFO  o.e.m.c.i.embedder.EclipseLogger - Using 'UTF-8' encoding to copy filtered resources.
2023-08-14 05:49:10,700 [Worker-21: Building] INFO  o.e.m.c.i.embedder.EclipseLogger - skip non existing resourceDirectory D:\springproj\Spring web mvc\basicweb\src\main\resources
2023-08-14 05:49:10,703 [Worker-21: Building] INFO  o.e.m.c.i.embedder.EclipseLogger - Using 'UTF-8' encoding to copy filtered resources.
2023-08-14 05:49:10,703 [Worker-21: Building] INFO  o.e.m.c.i.embedder.EclipseLogger - skip non existing resourceDirectory D:\springproj\Spring web mvc\basicweb\src\test\resources
2023-08-14 05:49:51,937 [Worker-14: Building] INFO  o.e.m.c.i.embedder.EclipseLogger - Using 'UTF-8' encoding to copy filtered resources.
2023-08-14 05:49:51,937 [Worker-14: Building] INFO  o.e.m.c.i.embedder.EclipseLogger - skip non existing resourceDirectory D:\springproj\Spring web mvc\basicweb\src\main\resources
2023-08-14 05:49:51,941 [Worker-14: Building] INFO  o.e.m.c.i.embedder.EclipseLogger - Using 'UTF-8' encoding to copy filtered resources.
2023-08-14 05:49:51,941 [Worker-14: Building] INFO  o.e.m.c.i.embedder.EclipseLogger - skip non existing resourceDirectory D:\springproj\Spring web mvc\basicweb\src\test\resources
2023-08-14 05:50:02,523 [Worker-22: Building] INFO  o.e.m.c.i.embedder.EclipseLogger - Using 'UTF-8' encoding to copy filtered resources.
2023-08-14 05:50:02,537 [Worker-22: Building] INFO  o.e.m.c.i.embedder.EclipseLogger - Copying 0 resource
2023-08-14 05:50:02,542 [Worker-22: Building] INFO  o.e.m.c.i.embedder.EclipseLogger - Using 'UTF-8' encoding to copy filtered resources.
2023-08-14 05:50:02,542 [Worker-22: Building] INFO  o.e.m.c.i.embedder.EclipseLogger - skip non existing resourceDirectory D:\springproj\Spring web mvc\basicweb\src\test\resources
2023-08-14 05:50:07,484 [Worker-21: Updating Maven Project] INFO  o.e.m.c.i.p.ProjectConfigurationManager - Update started
2023-08-14 05:50:07,875 [Worker-21: Updating Maven Project] INFO  o.e.m.c.i.l.LifecycleMappingFactory - Using org.maven.ide.eclipse.wtp.WarLifecycleMapping lifecycle mapping for MavenProject: mvc:basicweb:1.0.0 @ D:\springproj\Spring web mvc\basicweb\pom.xml.
2023-08-14 05:50:08,688 [Worker-21: Updating Maven Project] INFO  o.e.m.j.i.AbstractJavaProjectConfigurator - Adding source folder /basicweb/src/main/java
2023-08-14 05:50:08,689 [Worker-21: Updating Maven Project] INFO  o.e.m.j.i.AbstractJavaProjectConfigurator - Adding resource folder /basicweb/src/main/resources
2023-08-14 05:50:08,710 [Worker-21: Updating Maven Project] INFO  o.e.m.j.i.AbstractJavaProjectConfigurator - Adding source folder /basicweb/src/test/java
2023-08-14 05:50:09,198 [Worker-21: Updating Maven Project] INFO  o.e.m.w.i.f.ResourceFilteringBuildParticipant - Cleaning filtered folder for basicweb
2023-08-14 05:50:09,207 [Worker-21: Updating Maven Project] INFO  o.e.m.c.i.p.ProjectConfigurationManager - Update completed for 1 poms: local refresh takes 0.00 sec, refresh facades takes 1.00 sec, update config takes 0.00 sec 
2023-08-14 05:50:09,303 [Worker-14: Building Project basicweb] INFO  o.e.m.c.i.embedder.EclipseLogger - Using 'UTF-8' encoding to copy filtered resources.
2023-08-14 05:50:09,307 [Worker-14: Building Project basicweb] INFO  o.e.m.c.i.embedder.EclipseLogger - Copying 0 resource
2023-08-14 05:50:09,313 [Worker-14: Building Project basicweb] INFO  o.e.m.c.i.embedder.EclipseLogger - Using 'UTF-8' encoding to copy filtered resources.
2023-08-14 05:50:09,313 [Worker-14: Building Project basicweb] INFO  o.e.m.c.i.embedder.EclipseLogger - skip non existing resourceDirectory D:\springproj\Spring web mvc\basicweb\src\test\resources
2023-08-14 05:50:09,314 [Worker-14: Building Project basicweb] INFO  o.e.m.w.i.f.ResourceFilteringBuildParticipant - Changed resources require a complete clean of filtered resources of basicweb
2023-08-14 05:50:09,314 [Worker-14: Building Project basicweb] INFO  o.e.m.w.i.f.ResourceFilteringBuildParticipant - Executing resource filtering for basicweb
2023-08-14 05:50:09,320 [Worker-14: Building Project basicweb] INFO  o.e.m.c.i.embedder.EclipseLogger - Using 'UTF-8' encoding to copy filtered resources.
2023-08-14 05:50:10,848 [Worker-18: Building] INFO  o.e.m.c.i.embedder.EclipseLogger - Using 'UTF-8' encoding to copy filtered resources.
2023-08-14 05:50:10,854 [Worker-18: Building] INFO  o.e.m.c.i.embedder.EclipseLogger - Copying 0 resource
2023-08-14 05:50:10,857 [Worker-18: Building] INFO  o.e.m.c.i.embedder.EclipseLogger - Using 'UTF-8' encoding to copy filtered resources.
2023-08-14 05:50:10,857 [Worker-18: Building] INFO  o.e.m.c.i.embedder.EclipseLogger - skip non existing resourceDirectory D:\springproj\Spring web mvc\basicweb\src\test\resources
2023-08-14 05:51:01,248 [Worker-23: Updating Maven Project] INFO  o.e.m.c.i.p.ProjectConfigurationManager - Update started
2023-08-14 05:51:01,662 [Worker-23: Updating Maven Project] INFO  o.e.m.c.i.l.LifecycleMappingFactory - Using org.maven.ide.eclipse.wtp.WarLifecycleMapping lifecycle mapping for MavenProject: mvc:basicweb:1.0.0 @ D:\springproj\Spring web mvc\basicweb\pom.xml.
2023-08-14 05:51:02,446 [Worker-23: Updating Maven Project] INFO  o.e.m.j.i.AbstractJavaProjectConfigurator - Adding source folder /basicweb/src/main/java
2023-08-14 05:51:02,447 [Worker-23: Updating Maven Project] INFO  o.e.m.j.i.AbstractJavaProjectConfigurator - Adding resource folder /basicweb/src/main/resources
2023-08-14 05:51:02,448 [Worker-23: Updating Maven Project] INFO  o.e.m.j.i.AbstractJavaProjectConfigurator - Adding source folder /basicweb/src/test/java
2023-08-14 05:51:02,631 [Worker-23: Updating Maven Project] INFO  o.e.m.w.i.f.ResourceFilteringBuildParticipant - Cleaning filtered folder for basicweb
2023-08-14 05:51:02,637 [Worker-23: Updating Maven Project] INFO  o.e.m.c.i.p.ProjectConfigurationManager - Update completed for 1 poms: local refresh takes 0.00 sec, refresh facades takes 1.00 sec, update config takes 0.00 sec 
2023-08-14 05:51:02,820 [Worker-14: Building] INFO  o.e.m.c.i.embedder.EclipseLogger - Using 'UTF-8' encoding to copy filtered resources.
2023-08-14 05:51:02,822 [Worker-14: Building] INFO  o.e.m.c.i.embedder.EclipseLogger - Copying 0 resource
2023-08-14 05:51:02,827 [Worker-14: Building] INFO  o.e.m.c.i.embedder.EclipseLogger - Using 'UTF-8' encoding to copy filtered resources.
2023-08-14 05:51:02,827 [Worker-14: Building] INFO  o.e.m.c.i.embedder.EclipseLogger - skip non existing resourceDirectory D:\springproj\Spring web mvc\basicweb\src\test\resources
2023-08-14 05:51:02,829 [Worker-14: Building] INFO  o.e.m.w.i.f.ResourceFilteringBuildParticipant - Changed resources require a complete clean of filtered resources of basicweb
2023-08-14 05:51:02,829 [Worker-14: Building] INFO  o.e.m.w.i.f.ResourceFilteringBuildParticipant - Executing resource filtering for basicweb
2023-08-14 05:51:02,832 [Worker-14: Building] INFO  o.e.m.c.i.embedder.EclipseLogger - Using 'UTF-8' encoding to copy filtered resources.
2023-08-14 05:53:29,328 [Worker-14: Updating Maven Project] INFO  o.e.m.c.i.p.ProjectConfigurationManager - Update started
2023-08-14 05:53:29,685 [Worker-14: Updating Maven Project] INFO  o.e.m.c.i.l.LifecycleMappingFactory - Using org.maven.ide.eclipse.wtp.WarLifecycleMapping lifecycle mapping for MavenProject: mvc:basicweb:1.0.0 @ D:\springproj\Spring web mvc\basicweb\pom.xml.
2023-08-14 05:53:30,450 [Worker-14: Updating Maven Project] INFO  o.e.m.j.i.AbstractJavaProjectConfigurator - Adding source folder /basicweb/src/main/java
2023-08-14 05:53:30,451 [Worker-14: Updating Maven Project] INFO  o.e.m.j.i.AbstractJavaProjectConfigurator - Adding resource folder /basicweb/src/main/resources
2023-08-14 05:53:30,452 [Worker-14: Updating Maven Project] INFO  o.e.m.j.i.AbstractJavaProjectConfigurator - Adding source folder /basicweb/src/test/java
2023-08-14 05:53:30,707 [Worker-14: Updating Maven Project] INFO  o.e.m.w.i.f.ResourceFilteringBuildParticipant - Cleaning filtered folder for basicweb
2023-08-14 05:53:30,719 [Worker-14: Updating Maven Project] INFO  o.e.m.c.i.p.ProjectConfigurationManager - Update completed for 1 poms: local refresh takes 0.00 sec, refresh facades takes 1.00 sec, update config takes 0.00 sec 
2023-08-14 05:53:30,886 [Worker-18: Building] INFO  o.e.m.c.i.embedder.EclipseLogger - Using 'UTF-8' encoding to copy filtered resources.
2023-08-14 05:53:30,889 [Worker-18: Building] INFO  o.e.m.c.i.embedder.EclipseLogger - Copying 0 resource
2023-08-14 05:53:30,894 [Worker-18: Building] INFO  o.e.m.c.i.embedder.EclipseLogger - Using 'UTF-8' encoding to copy filtered resources.
2023-08-14 05:53:30,894 [Worker-18: Building] INFO  o.e.m.c.i.embedder.EclipseLogger - skip non existing resourceDirectory D:\springproj\Spring web mvc\basicweb\src\test\resources
2023-08-14 05:53:30,895 [Worker-18: Building] INFO  o.e.m.w.i.f.ResourceFilteringBuildParticipant - Changed resources require a complete clean of filtered resources of basicweb
2023-08-14 05:53:30,895 [Worker-18: Building] INFO  o.e.m.w.i.f.ResourceFilteringBuildParticipant - Executing resource filtering for basicweb
2023-08-14 05:53:30,900 [Worker-18: Building] INFO  o.e.m.c.i.embedder.EclipseLogger - Using 'UTF-8' encoding to copy filtered resources.
2023-08-14 05:57:51,459 [Worker-24: Building] INFO  o.e.m.c.i.embedder.EclipseLogger - Using 'UTF-8' encoding to copy filtered resources.
2023-08-14 05:57:51,462 [Worker-24: Building] INFO  o.e.m.c.i.embedder.EclipseLogger - Copying 0 resource
2023-08-14 05:57:51,468 [Worker-24: Building] INFO  o.e.m.c.i.embedder.EclipseLogger - Using 'UTF-8' encoding to copy filtered resources.
2023-08-14 05:57:51,468 [Worker-24: Building] INFO  o.e.m.c.i.embedder.EclipseLogger - skip non existing resourceDirectory D:\springproj\Spring web mvc\basicweb\src\test\resources
2023-08-14 05:57:55,024 [Worker-24: Updating Maven Project] INFO  o.e.m.c.i.p.ProjectConfigurationManager - Update started
2023-08-14 05:57:55,354 [Worker-24: Updating Maven Project] INFO  o.e.m.c.i.l.LifecycleMappingFactory - Using org.maven.ide.eclipse.wtp.WarLifecycleMapping lifecycle mapping for MavenProject: mvc:basicweb:1.0.0 @ D:\springproj\Spring web mvc\basicweb\pom.xml.
2023-08-14 05:57:56,053 [Worker-24: Updating Maven Project] INFO  o.e.m.j.i.AbstractJavaProjectConfigurator - Adding source folder /basicweb/src/main/java
2023-08-14 05:57:56,054 [Worker-24: Updating Maven Project] INFO  o.e.m.j.i.AbstractJavaProjectConfigurator - Adding resource folder /basicweb/src/main/resources
2023-08-14 05:57:56,054 [Worker-24: Updating Maven Project] INFO  o.e.m.j.i.AbstractJavaProjectConfigurator - Adding source folder /basicweb/src/test/java
2023-08-14 05:57:56,227 [Worker-24: Updating Maven Project] INFO  o.e.m.w.i.f.ResourceFilteringBuildParticipant - Cleaning filtered folder for basicweb
2023-08-14 05:57:56,240 [Worker-24: Updating Maven Project] INFO  o.e.m.c.i.p.ProjectConfigurationManager - Update completed for 1 poms: local refresh takes 0.00 sec, refresh facades takes 0.00 sec, update config takes 0.00 sec 
2023-08-14 05:57:56,444 [Worker-21: Building] INFO  o.e.m.c.i.embedder.EclipseLogger - Using 'UTF-8' encoding to copy filtered resources.
2023-08-14 05:57:56,445 [Worker-21: Building] INFO  o.e.m.c.i.embedder.EclipseLogger - Copying 0 resource
2023-08-14 05:57:56,451 [Worker-21: Building] INFO  o.e.m.c.i.embedder.EclipseLogger - Using 'UTF-8' encoding to copy filtered resources.
2023-08-14 05:57:56,452 [Worker-21: Building] INFO  o.e.m.c.i.embedder.EclipseLogger - skip non existing resourceDirectory D:\springproj\Spring web mvc\basicweb\src\test\resources
2023-08-14 05:57:56,452 [Worker-21: Building] INFO  o.e.m.w.i.f.ResourceFilteringBuildParticipant - Changed resources require a complete clean of filtered resources of basicweb
2023-08-14 05:57:56,452 [Worker-21: Building] INFO  o.e.m.w.i.f.ResourceFilteringBuildParticipant - Executing resource filtering for basicweb
2023-08-14 05:57:56,459 [Worker-21: Building] INFO  o.e.m.c.i.embedder.EclipseLogger - Using 'UTF-8' encoding to copy filtered resources.
2023-08-14 05:58:47,736 [Worker-25: Compute Mappings for project basicweb] INFO  o.e.m.c.i.l.LifecycleMappingFactory - Using org.maven.ide.eclipse.wtp.WarLifecycleMapping lifecycle mapping for MavenProject: mvc:basicweb:1.0.0 @ D:\springproj\Spring web mvc\basicweb\pom.xml.
2023-08-14 05:59:42,603 [Worker-21: Compute Mappings for project basicweb] INFO  o.e.m.c.i.l.LifecycleMappingFactory - Using org.maven.ide.eclipse.wtp.WarLifecycleMapping lifecycle mapping for MavenProject: mvc:basicweb:1.0.0 @ D:\springproj\Spring web mvc\basicweb\pom.xml.
2023-08-14 05:59:53,833 [Worker-21: Compute Mappings for project basicweb] INFO  o.e.m.c.i.l.LifecycleMappingFactory - Using org.maven.ide.eclipse.wtp.WarLifecycleMapping lifecycle mapping for MavenProject: mvc:basicweb:1.0.0 @ D:\springproj\Spring web mvc\basicweb\pom.xml.
2023-08-14 06:00:45,009 [Worker-25: Building] INFO  o.e.m.c.i.embedder.EclipseLogger - Using 'UTF-8' encoding to copy filtered resources.
2023-08-14 06:00:45,015 [Worker-25: Building] INFO  o.e.m.c.i.embedder.EclipseLogger - Copying 0 resource
2023-08-14 06:00:45,022 [Worker-25: Building] INFO  o.e.m.c.i.embedder.EclipseLogger - Using 'UTF-8' encoding to copy filtered resources.
2023-08-14 06:00:45,022 [Worker-25: Building] INFO  o.e.m.c.i.embedder.EclipseLogger - skip non existing resourceDirectory D:\springproj\Spring web mvc\basicweb\src\test\resources
2023-08-14 06:00:58,787 [Worker-27: Updating Maven Project] INFO  o.e.m.c.i.p.ProjectConfigurationManager - Update started
2023-08-14 06:00:59,116 [Worker-27: Updating Maven Project] INFO  o.e.m.c.i.l.LifecycleMappingFactory - Using org.maven.ide.eclipse.wtp.WarLifecycleMapping lifecycle mapping for MavenProject: mvc:basicweb:1.0.0 @ D:\springproj\Spring web mvc\basicweb\pom.xml.
2023-08-14 06:00:59,768 [Worker-27: Updating Maven Project] INFO  o.e.m.j.i.AbstractJavaProjectConfigurator - Adding source folder /basicweb/src/main/java
2023-08-14 06:00:59,769 [Worker-27: Updating Maven Project] INFO  o.e.m.j.i.AbstractJavaProjectConfigurator - Adding resource folder /basicweb/src/main/resources
2023-08-14 06:00:59,774 [Worker-27: Updating Maven Project] INFO  o.e.m.j.i.AbstractJavaProjectConfigurator - Adding source folder /basicweb/src/test/java
2023-08-14 06:01:00,023 [Worker-27: Updating Maven Project] INFO  o.e.m.w.i.f.ResourceFilteringBuildParticipant - Cleaning filtered folder for basicweb
2023-08-14 06:01:00,030 [Worker-27: Updating Maven Project] INFO  o.e.m.c.i.p.ProjectConfigurationManager - Update completed for 1 poms: local refresh takes 0.00 sec, refresh facades takes 0.00 sec, update config takes 0.00 sec 
2023-08-14 06:01:00,192 [Worker-21: Building] INFO  o.e.m.c.i.embedder.EclipseLogger - Using 'UTF-8' encoding to copy filtered resources.
2023-08-14 06:01:00,193 [Worker-21: Building] INFO  o.e.m.c.i.embedder.EclipseLogger - Copying 0 resource
2023-08-14 06:01:00,199 [Worker-21: Building] INFO  o.e.m.c.i.embedder.EclipseLogger - Using 'UTF-8' encoding to copy filtered resources.
2023-08-14 06:01:00,199 [Worker-21: Building] INFO  o.e.m.c.i.embedder.EclipseLogger - skip non existing resourceDirectory D:\springproj\Spring web mvc\basicweb\src\test\resources
2023-08-14 06:01:00,200 [Worker-21: Building] INFO  o.e.m.w.i.f.ResourceFilteringBuildParticipant - Changed resources require a complete clean of filtered resources of basicweb
2023-08-14 06:01:00,200 [Worker-21: Building] INFO  o.e.m.w.i.f.ResourceFilteringBuildParticipant - Executing resource filtering for basicweb
2023-08-14 06:01:00,206 [Worker-21: Building] INFO  o.e.m.c.i.embedder.EclipseLogger - Using 'UTF-8' encoding to copy filtered resources.
2023-08-14 06:03:07,096 [Worker-29: Updating Maven Project] INFO  o.e.m.c.i.p.ProjectConfigurationManager - Update started
2023-08-14 06:03:07,432 [Worker-29: Updating Maven Project] INFO  o.e.m.c.i.l.LifecycleMappingFactory - Using org.maven.ide.eclipse.wtp.WarLifecycleMapping lifecycle mapping for MavenProject: mvc:basicweb:1.0.0 @ D:\springproj\Spring web mvc\basicweb\pom.xml.
2023-08-14 06:03:08,064 [Worker-29: Updating Maven Project] INFO  o.e.m.j.i.AbstractJavaProjectConfigurator - Adding source folder /basicweb/src/main/java
2023-08-14 06:03:08,065 [Worker-29: Updating Maven Project] INFO  o.e.m.j.i.AbstractJavaProjectConfigurator - Adding resource folder /basicweb/src/main/resources
2023-08-14 06:03:08,065 [Worker-29: Updating Maven Project] INFO  o.e.m.j.i.AbstractJavaProjectConfigurator - Adding source folder /basicweb/src/test/java
2023-08-14 06:03:08,204 [Worker-29: Updating Maven Project] INFO  o.e.m.w.i.f.ResourceFilteringBuildParticipant - Cleaning filtered folder for basicweb
2023-08-14 06:03:08,211 [Worker-29: Updating Maven Project] INFO  o.e.m.c.i.p.ProjectConfigurationManager - Update completed for 1 poms: local refresh takes 0.00 sec, refresh facades takes 0.00 sec, update config takes 0.00 sec 
2023-08-14 06:03:08,365 [Worker-24: Building] INFO  o.e.m.c.i.embedder.EclipseLogger - Using 'UTF-8' encoding to copy filtered resources.
2023-08-14 06:03:08,366 [Worker-24: Building] INFO  o.e.m.c.i.embedder.EclipseLogger - Copying 0 resource
2023-08-14 06:03:08,371 [Worker-24: Building] INFO  o.e.m.c.i.embedder.EclipseLogger - Using 'UTF-8' encoding to copy filtered resources.
2023-08-14 06:03:08,371 [Worker-24: Building] INFO  o.e.m.c.i.embedder.EclipseLogger - skip non existing resourceDirectory D:\springproj\Spring web mvc\basicweb\src\test\resources
2023-08-14 06:03:08,372 [Worker-24: Building] INFO  o.e.m.w.i.f.ResourceFilteringBuildParticipant - Changed resources require a complete clean of filtered resources of basicweb
2023-08-14 06:03:08,372 [Worker-24: Building] INFO  o.e.m.w.i.f.ResourceFilteringBuildParticipant - Executing resource filtering for basicweb
2023-08-14 06:03:08,379 [Worker-24: Building] INFO  o.e.m.c.i.embedder.EclipseLogger - Using 'UTF-8' encoding to copy filtered resources.
2023-08-14 06:03:31,399 [Worker-25: Updating Maven Project] INFO  o.e.m.c.i.p.ProjectConfigurationManager - Update started
2023-08-14 06:03:31,713 [Worker-25: Updating Maven Project] INFO  o.e.m.c.i.l.LifecycleMappingFactory - Using org.maven.ide.eclipse.wtp.WarLifecycleMapping lifecycle mapping for MavenProject: mvc:basicweb:1.0.0 @ D:\springproj\Spring web mvc\basicweb\pom.xml.
2023-08-14 06:03:32,359 [Worker-25: Updating Maven Project] INFO  o.e.m.j.i.AbstractJavaProjectConfigurator - Adding source folder /basicweb/src/main/java
2023-08-14 06:03:32,359 [Worker-25: Updating Maven Project] INFO  o.e.m.j.i.AbstractJavaProjectConfigurator - Adding resource folder /basicweb/src/main/resources
2023-08-14 06:03:32,360 [Worker-25: Updating Maven Project] INFO  o.e.m.j.i.AbstractJavaProjectConfigurator - Adding source folder /basicweb/src/test/java
2023-08-14 06:03:32,503 [Worker-25: Updating Maven Project] INFO  o.e.m.w.i.f.ResourceFilteringBuildParticipant - Cleaning filtered folder for basicweb
2023-08-14 06:03:32,509 [Worker-25: Updating Maven Project] INFO  o.e.m.c.i.p.ProjectConfigurationManager - Update completed for 1 poms: local refresh takes 0.00 sec, refresh facades takes 0.00 sec, update config takes 0.00 sec 
2023-08-14 06:03:32,661 [Worker-21: Building] INFO  o.e.m.c.i.embedder.EclipseLogger - Using 'UTF-8' encoding to copy filtered resources.
2023-08-14 06:03:32,662 [Worker-21: Building] INFO  o.e.m.c.i.embedder.EclipseLogger - Copying 0 resource
2023-08-14 06:03:32,666 [Worker-21: Building] INFO  o.e.m.c.i.embedder.EclipseLogger - Using 'UTF-8' encoding to copy filtered resources.
2023-08-14 06:03:32,666 [Worker-21: Building] INFO  o.e.m.c.i.embedder.EclipseLogger - skip non existing resourceDirectory D:\springproj\Spring web mvc\basicweb\src\test\resources
2023-08-14 06:03:32,667 [Worker-21: Building] INFO  o.e.m.w.i.f.ResourceFilteringBuildParticipant - Changed resources require a complete clean of filtered resources of basicweb
2023-08-14 06:03:32,667 [Worker-21: Building] INFO  o.e.m.w.i.f.ResourceFilteringBuildParticipant - Executing resource filtering for basicweb
2023-08-14 06:03:32,672 [Worker-21: Building] INFO  o.e.m.c.i.embedder.EclipseLogger - Using 'UTF-8' encoding to copy filtered resources.
2023-08-14 06:18:44,576 [Worker-6: Loading available Gradle versions] INFO  o.e.b.c.i.u.g.PublishedGradleVersions - Gradle version information cache is up-to-date. Trying to read.
2023-08-14 06:19:53,021 [Worker-14: Building] INFO  o.e.m.c.i.embedder.EclipseLogger - Using 'UTF-8' encoding to copy filtered resources.
2023-08-14 06:19:53,034 [Worker-14: Building] INFO  o.e.m.c.i.embedder.EclipseLogger - Copying 0 resource
2023-08-14 06:19:53,044 [Worker-14: Building] INFO  o.e.m.c.i.embedder.EclipseLogger - Using 'UTF-8' encoding to copy filtered resources.
2023-08-14 06:19:53,044 [Worker-14: Building] INFO  o.e.m.c.i.embedder.EclipseLogger - skip non existing resourceDirectory D:\springproj\Spring web mvc\basicweb\src\test\resources
2023-08-14 06:20:53,658 [Worker-2: Building] INFO  o.e.m.c.i.embedder.EclipseLogger - Using 'UTF-8' encoding to copy filtered resources.
2023-08-14 06:20:53,664 [Worker-2: Building] INFO  o.e.m.c.i.embedder.EclipseLogger - Copying 0 resource
2023-08-14 06:20:53,670 [Worker-2: Building] INFO  o.e.m.c.i.embedder.EclipseLogger - Using 'UTF-8' encoding to copy filtered resources.
2023-08-14 06:20:53,671 [Worker-2: Building] INFO  o.e.m.c.i.embedder.EclipseLogger - skip non existing resourceDirectory D:\springproj\Spring web mvc\basicweb\src\test\resources
2023-08-14 06:21:33,096 [Worker-12: Building] INFO  o.e.m.c.i.embedder.EclipseLogger - Using 'UTF-8' encoding to copy filtered resources.
2023-08-14 06:21:33,096 [Worker-12: Building] INFO  o.e.m.c.i.embedder.EclipseLogger - Copying 0 resource
2023-08-14 06:21:33,104 [Worker-12: Building] INFO  o.e.m.c.i.embedder.EclipseLogger - Using 'UTF-8' encoding to copy filtered resources.
2023-08-14 06:21:33,104 [Worker-12: Building] INFO  o.e.m.c.i.embedder.EclipseLogger - skip non existing resourceDirectory D:\springproj\Spring web mvc\basicweb\src\test\resources
2023-08-14 06:22:43,890 [Worker-5: Building] INFO  o.e.m.c.i.embedder.EclipseLogger - Using 'UTF-8' encoding to copy filtered resources.
2023-08-14 06:22:43,891 [Worker-5: Building] INFO  o.e.m.c.i.embedder.EclipseLogger - Copying 0 resource
2023-08-14 06:22:43,898 [Worker-5: Building] INFO  o.e.m.c.i.embedder.EclipseLogger - Using 'UTF-8' encoding to copy filtered resources.
2023-08-14 06:22:43,899 [Worker-5: Building] INFO  o.e.m.c.i.embedder.EclipseLogger - skip non existing resourceDirectory D:\springproj\Spring web mvc\basicweb\src\test\resources
2023-08-14 06:22:59,251 [Worker-12: Updating Maven Project] INFO  o.e.m.c.i.p.ProjectConfigurationManager - Update started
2023-08-14 06:23:00,010 [Worker-12: Updating Maven Project] INFO  o.e.m.c.i.l.LifecycleMappingFactory - Using org.maven.ide.eclipse.wtp.WarLifecycleMapping lifecycle mapping for MavenProject: mvc:basicweb:1.0.0 @ D:\springproj\Spring web mvc\basicweb\pom.xml.
2023-08-14 06:23:01,119 [Worker-12: Updating Maven Project] INFO  o.e.m.j.i.AbstractJavaProjectConfigurator - Adding source folder /basicweb/src/main/java
2023-08-14 06:23:01,120 [Worker-12: Updating Maven Project] INFO  o.e.m.j.i.AbstractJavaProjectConfigurator - Adding resource folder /basicweb/src/main/resources
2023-08-14 06:23:01,121 [Worker-12: Updating Maven Project] INFO  o.e.m.j.i.AbstractJavaProjectConfigurator - Adding source folder /basicweb/src/test/java
2023-08-14 06:23:01,467 [Worker-12: Updating Maven Project] INFO  o.e.m.w.i.f.ResourceFilteringBuildParticipant - Cleaning filtered folder for basicweb
2023-08-14 06:23:01,496 [Worker-12: Updating Maven Project] INFO  o.e.m.c.i.p.ProjectConfigurationManager - Update completed for 1 poms: local refresh takes 0.00 sec, refresh facades takes 1.00 sec, update config takes 0.00 sec 
2023-08-14 06:23:01,704 [Worker-8: Building] INFO  o.e.m.c.i.embedder.EclipseLogger - Using 'UTF-8' encoding to copy filtered resources.
2023-08-14 06:23:01,705 [Worker-8: Building] INFO  o.e.m.c.i.embedder.EclipseLogger - Copying 0 resource
2023-08-14 06:23:01,709 [Worker-8: Building] INFO  o.e.m.c.i.embedder.EclipseLogger - Using 'UTF-8' encoding to copy filtered resources.
2023-08-14 06:23:01,709 [Worker-8: Building] INFO  o.e.m.c.i.embedder.EclipseLogger - skip non existing resourceDirectory D:\springproj\Spring web mvc\basicweb\src\test\resources
2023-08-14 06:23:01,710 [Worker-8: Building] INFO  o.e.m.w.i.f.ResourceFilteringBuildParticipant - Changed resources require a complete clean of filtered resources of basicweb
2023-08-14 06:23:01,711 [Worker-8: Building] INFO  o.e.m.w.i.f.ResourceFilteringBuildParticipant - Executing resource filtering for basicweb
2023-08-14 06:23:01,718 [Worker-8: Building] INFO  o.e.m.c.i.embedder.EclipseLogger - Using 'UTF-8' encoding to copy filtered resources.
2023-08-14 06:23:46,023 [Worker-22: Retrieving catalog resource] INFO  o.a.h.c.h.i.c.HttpRequestRetryExec - Recoverable I/O exception (org.apache.hc.core5.http.NoHttpResponseException) caught when processing request to {s}->https://marketplace.eclipse.org:443
2023-08-14 06:25:04,261 [Worker-10: Building] INFO  o.e.m.c.i.embedder.EclipseLogger - Using 'UTF-8' encoding to copy filtered resources.
2023-08-14 06:25:04,268 [Worker-10: Building] INFO  o.e.m.c.i.embedder.EclipseLogger - Copying 0 resource
2023-08-14 06:25:04,274 [Worker-10: Building] INFO  o.e.m.c.i.embedder.EclipseLogger - Using 'UTF-8' encoding to copy filtered resources.
2023-08-14 06:25:04,274 [Worker-10: Building] INFO  o.e.m.c.i.embedder.EclipseLogger - skip non existing resourceDirectory D:\springproj\Spring web mvc\basicweb\src\test\resources
2023-08-14 06:25:12,290 [Worker-12: Building] INFO  o.e.m.c.i.embedder.EclipseLogger - Using 'UTF-8' encoding to copy filtered resources.
2023-08-14 06:25:12,290 [Worker-12: Building] INFO  o.e.m.c.i.embedder.EclipseLogger - Copying 0 resource
2023-08-14 06:25:12,294 [Worker-12: Building] INFO  o.e.m.c.i.embedder.EclipseLogger - Using 'UTF-8' encoding to copy filtered resources.
2023-08-14 06:25:12,295 [Worker-12: Building] INFO  o.e.m.c.i.embedder.EclipseLogger - skip non existing resourceDirectory D:\springproj\Spring web mvc\basicweb\src\test\resources
2023-08-14 06:25:42,680 [Worker-20: Updating Maven Project] INFO  o.e.m.c.i.p.ProjectConfigurationManager - Update started
2023-08-14 06:25:43,228 [Worker-20: Updating Maven Project] INFO  o.e.m.c.i.l.LifecycleMappingFactory - Using org.maven.ide.eclipse.wtp.WarLifecycleMapping lifecycle mapping for MavenProject: mvc:basicweb:1.0.0 @ D:\springproj\Spring web mvc\basicweb\pom.xml.
2023-08-14 06:25:44,077 [Worker-20: Updating Maven Project] INFO  o.e.m.j.i.AbstractJavaProjectConfigurator - Adding source folder /basicweb/src/main/java
2023-08-14 06:25:44,077 [Worker-20: Updating Maven Project] INFO  o.e.m.j.i.AbstractJavaProjectConfigurator - Adding resource folder /basicweb/src/main/resources
2023-08-14 06:25:44,078 [Worker-20: Updating Maven Project] INFO  o.e.m.j.i.AbstractJavaProjectConfigurator - Adding source folder /basicweb/src/test/java
2023-08-14 06:25:44,309 [Worker-20: Updating Maven Project] INFO  o.e.m.w.i.f.ResourceFilteringBuildParticipant - Cleaning filtered folder for basicweb
2023-08-14 06:25:44,315 [Worker-20: Updating Maven Project] INFO  o.e.m.c.i.p.ProjectConfigurationManager - Update completed for 1 poms: local refresh takes 0.00 sec, refresh facades takes 1.00 sec, update config takes 0.00 sec 
2023-08-14 06:25:44,498 [Worker-11: Building] INFO  o.e.m.c.i.embedder.EclipseLogger - Using 'UTF-8' encoding to copy filtered resources.
2023-08-14 06:25:44,499 [Worker-11: Building] INFO  o.e.m.c.i.embedder.EclipseLogger - Copying 0 resource
2023-08-14 06:25:44,504 [Worker-11: Building] INFO  o.e.m.c.i.embedder.EclipseLogger - Using 'UTF-8' encoding to copy filtered resources.
2023-08-14 06:25:44,504 [Worker-11: Building] INFO  o.e.m.c.i.embedder.EclipseLogger - skip non existing resourceDirectory D:\springproj\Spring web mvc\basicweb\src\test\resources
2023-08-14 06:25:44,505 [Worker-11: Building] INFO  o.e.m.w.i.f.ResourceFilteringBuildParticipant - Changed resources require a complete clean of filtered resources of basicweb
2023-08-14 06:25:44,505 [Worker-11: Building] INFO  o.e.m.w.i.f.ResourceFilteringBuildParticipant - Executing resource filtering for basicweb
2023-08-14 06:25:44,511 [Worker-11: Building] INFO  o.e.m.c.i.embedder.EclipseLogger - Using 'UTF-8' encoding to copy filtered resources.
2023-08-14 06:26:27,446 [Worker-6: Building] INFO  o.e.m.c.i.embedder.EclipseLogger - Using 'UTF-8' encoding to copy filtered resources.
2023-08-14 06:26:27,454 [Worker-6: Building] INFO  o.e.m.c.i.embedder.EclipseLogger - Copying 0 resource
2023-08-14 06:26:27,458 [Worker-6: Building] INFO  o.e.m.c.i.embedder.EclipseLogger - Using 'UTF-8' encoding to copy filtered resources.
2023-08-14 06:26:27,459 [Worker-6: Building] INFO  o.e.m.c.i.embedder.EclipseLogger - skip non existing resourceDirectory D:\springproj\Spring web mvc\basicweb\src\test\resources
2023-08-14 06:26:33,530 [Worker-8: Building] INFO  o.e.m.c.i.embedder.EclipseLogger - Using 'UTF-8' encoding to copy filtered resources.
2023-08-14 06:26:33,530 [Worker-8: Building] INFO  o.e.m.c.i.embedder.EclipseLogger - Copying 0 resource
2023-08-14 06:26:33,534 [Worker-8: Building] INFO  o.e.m.c.i.embedder.EclipseLogger - Using 'UTF-8' encoding to copy filtered resources.
2023-08-14 06:26:33,535 [Worker-8: Building] INFO  o.e.m.c.i.embedder.EclipseLogger - skip non existing resourceDirectory D:\springproj\Spring web mvc\basicweb\src\test\resources
2023-08-14 06:26:41,273 [Worker-13: Building] INFO  o.e.m.c.i.embedder.EclipseLogger - Using 'UTF-8' encoding to copy filtered resources.
2023-08-14 06:26:41,273 [Worker-13: Building] INFO  o.e.m.c.i.embedder.EclipseLogger - Copying 0 resource
2023-08-14 06:26:41,278 [Worker-13: Building] INFO  o.e.m.c.i.embedder.EclipseLogger - Using 'UTF-8' encoding to copy filtered resources.
2023-08-14 06:26:41,278 [Worker-13: Building] INFO  o.e.m.c.i.embedder.EclipseLogger - skip non existing resourceDirectory D:\springproj\Spring web mvc\basicweb\src\test\resources
2023-08-14 06:28:30,505 [Worker-10: Building] INFO  o.e.m.c.i.embedder.EclipseLogger - Using 'UTF-8' encoding to copy filtered resources.
2023-08-14 06:28:30,505 [Worker-10: Building] INFO  o.e.m.c.i.embedder.EclipseLogger - Copying 0 resource
2023-08-14 06:28:30,510 [Worker-10: Building] INFO  o.e.m.c.i.embedder.EclipseLogger - Using 'UTF-8' encoding to copy filtered resources.
2023-08-14 06:28:30,510 [Worker-10: Building] INFO  o.e.m.c.i.embedder.EclipseLogger - skip non existing resourceDirectory D:\springproj\Spring web mvc\basicweb\src\test\resources
2023-08-14 06:30:59,741 [Worker-23: Updating Maven Project] INFO  o.e.m.c.i.p.ProjectConfigurationManager - Update started
2023-08-14 06:31:00,192 [Worker-23: Updating Maven Project] INFO  o.e.m.c.i.l.LifecycleMappingFactory - Using org.maven.ide.eclipse.wtp.WarLifecycleMapping lifecycle mapping for MavenProject: mvc:basicweb:1.0.0 @ D:\springproj\Spring web mvc\basicweb\pom.xml.
2023-08-14 06:31:01,138 [Worker-23: Updating Maven Project] INFO  o.e.m.j.i.AbstractJavaProjectConfigurator - Adding source folder /basicweb/src/main/java
2023-08-14 06:31:01,138 [Worker-23: Updating Maven Project] INFO  o.e.m.j.i.AbstractJavaProjectConfigurator - Adding resource folder /basicweb/src/main/resources
2023-08-14 06:31:01,139 [Worker-23: Updating Maven Project] INFO  o.e.m.j.i.AbstractJavaProjectConfigurator - Adding source folder /basicweb/src/test/java
2023-08-14 06:31:01,310 [Worker-23: Updating Maven Project] INFO  o.e.m.w.i.f.ResourceFilteringBuildParticipant - Cleaning filtered folder for basicweb
2023-08-14 06:31:01,316 [Worker-23: Updating Maven Project] INFO  o.e.m.c.i.p.ProjectConfigurationManager - Update completed for 1 poms: local refresh takes 0.00 sec, refresh facades takes 1.00 sec, update config takes 0.00 sec 
2023-08-14 06:31:01,523 [Worker-23: Building] INFO  o.e.m.c.i.embedder.EclipseLogger - Using 'UTF-8' encoding to copy filtered resources.
2023-08-14 06:31:01,524 [Worker-23: Building] INFO  o.e.m.c.i.embedder.EclipseLogger - Copying 0 resource
2023-08-14 06:31:01,528 [Worker-23: Building] INFO  o.e.m.c.i.embedder.EclipseLogger - Using 'UTF-8' encoding to copy filtered resources.
2023-08-14 06:31:01,528 [Worker-23: Building] INFO  o.e.m.c.i.embedder.EclipseLogger - skip non existing resourceDirectory D:\springproj\Spring web mvc\basicweb\src\test\resources
2023-08-14 06:31:01,529 [Worker-23: Building] INFO  o.e.m.w.i.f.ResourceFilteringBuildParticipant - Changed resources require a complete clean of filtered resources of basicweb
2023-08-14 06:31:01,529 [Worker-23: Building] INFO  o.e.m.w.i.f.ResourceFilteringBuildParticipant - Executing resource filtering for basicweb
2023-08-14 06:31:01,534 [Worker-23: Building] INFO  o.e.m.c.i.embedder.EclipseLogger - Using 'UTF-8' encoding to copy filtered resources.
2023-08-14 06:31:20,583 [Worker-25: Building] INFO  o.e.m.c.i.embedder.EclipseLogger - Using 'UTF-8' encoding to copy filtered resources.
2023-08-14 06:31:20,592 [Worker-25: Building] INFO  o.e.m.c.i.embedder.EclipseLogger - Copying 0 resource
2023-08-14 06:31:20,599 [Worker-25: Building] INFO  o.e.m.c.i.embedder.EclipseLogger - Using 'UTF-8' encoding to copy filtered resources.
2023-08-14 06:31:20,599 [Worker-25: Building] INFO  o.e.m.c.i.embedder.EclipseLogger - skip non existing resourceDirectory D:\springproj\Spring web mvc\basicweb\src\test\resources
2023-08-14 06:31:40,202 [Worker-22: Building] INFO  o.e.m.c.i.embedder.EclipseLogger - Using 'UTF-8' encoding to copy filtered resources.
2023-08-14 06:31:40,203 [Worker-22: Building] INFO  o.e.m.c.i.embedder.EclipseLogger - Copying 0 resource
2023-08-14 06:31:40,207 [Worker-22: Building] INFO  o.e.m.c.i.embedder.EclipseLogger - Using 'UTF-8' encoding to copy filtered resources.
2023-08-14 06:31:40,207 [Worker-22: Building] INFO  o.e.m.c.i.embedder.EclipseLogger - skip non existing resourceDirectory D:\springproj\Spring web mvc\basicweb\src\test\resources
2023-08-14 06:31:49,176 [Worker-25: Updating Maven Project] INFO  o.e.m.c.i.p.ProjectConfigurationManager - Update started
2023-08-14 06:31:49,566 [Worker-25: Updating Maven Project] INFO  o.e.m.c.i.l.LifecycleMappingFactory - Using org.maven.ide.eclipse.wtp.WarLifecycleMapping lifecycle mapping for MavenProject: mvc:basicweb:1.0.0 @ D:\springproj\Spring web mvc\basicweb\pom.xml.
2023-08-14 06:31:50,355 [Worker-25: Updating Maven Project] INFO  o.e.m.j.i.AbstractJavaProjectConfigurator - Adding source folder /basicweb/src/main/java
2023-08-14 06:31:50,356 [Worker-25: Updating Maven Project] INFO  o.e.m.j.i.AbstractJavaProjectConfigurator - Adding resource folder /basicweb/src/main/resources
2023-08-14 06:31:50,357 [Worker-25: Updating Maven Project] INFO  o.e.m.j.i.AbstractJavaProjectConfigurator - Adding source folder /basicweb/src/test/java
2023-08-14 06:31:50,608 [Worker-25: Updating Maven Project] INFO  o.e.m.w.i.f.ResourceFilteringBuildParticipant - Cleaning filtered folder for basicweb
2023-08-14 06:31:50,616 [Worker-25: Updating Maven Project] INFO  o.e.m.c.i.p.ProjectConfigurationManager - Update completed for 1 poms: local refresh takes 0.00 sec, refresh facades takes 1.00 sec, update config takes 0.00 sec 
2023-08-14 06:31:50,786 [Worker-26: Building] INFO  o.e.m.c.i.embedder.EclipseLogger - Using 'UTF-8' encoding to copy filtered resources.
2023-08-14 06:31:50,789 [Worker-26: Building] INFO  o.e.m.c.i.embedder.EclipseLogger - Copying 0 resource
2023-08-14 06:31:50,796 [Worker-26: Building] INFO  o.e.m.c.i.embedder.EclipseLogger - Using 'UTF-8' encoding to copy filtered resources.
2023-08-14 06:31:50,797 [Worker-26: Building] INFO  o.e.m.c.i.embedder.EclipseLogger - skip non existing resourceDirectory D:\springproj\Spring web mvc\basicweb\src\test\resources
2023-08-14 06:31:50,798 [Worker-26: Building] INFO  o.e.m.w.i.f.ResourceFilteringBuildParticipant - Changed resources require a complete clean of filtered resources of basicweb
2023-08-14 06:31:50,798 [Worker-26: Building] INFO  o.e.m.w.i.f.ResourceFilteringBuildParticipant - Executing resource filtering for basicweb
2023-08-14 06:31:50,805 [Worker-26: Building] INFO  o.e.m.c.i.embedder.EclipseLogger - Using 'UTF-8' encoding to copy filtered resources.
2023-08-14 06:32:17,144 [Worker-24: Building] INFO  o.e.m.c.i.embedder.EclipseLogger - Using 'UTF-8' encoding to copy filtered resources.
2023-08-14 06:32:17,149 [Worker-24: Building] INFO  o.e.m.c.i.embedder.EclipseLogger - Copying 0 resource
2023-08-14 06:32:17,153 [Worker-24: Building] INFO  o.e.m.c.i.embedder.EclipseLogger - Using 'UTF-8' encoding to copy filtered resources.
2023-08-14 06:32:17,153 [Worker-24: Building] INFO  o.e.m.c.i.embedder.EclipseLogger - skip non existing resourceDirectory D:\springproj\Spring web mvc\basicweb\src\test\resources
2023-08-14 06:33:08,249 [Worker-25: Building] INFO  o.e.m.c.i.embedder.EclipseLogger - Using 'UTF-8' encoding to copy filtered resources.
2023-08-14 06:33:08,251 [Worker-25: Building] INFO  o.e.m.c.i.embedder.EclipseLogger - Copying 0 resource
2023-08-14 06:33:08,257 [Worker-25: Building] INFO  o.e.m.c.i.embedder.EclipseLogger - Using 'UTF-8' encoding to copy filtered resources.
2023-08-14 06:33:08,258 [Worker-25: Building] INFO  o.e.m.c.i.embedder.EclipseLogger - skip non existing resourceDirectory D:\springproj\Spring web mvc\basicweb\src\test\resources
2023-08-14 06:33:21,582 [Worker-23: Building] INFO  o.e.m.c.i.embedder.EclipseLogger - Using 'UTF-8' encoding to copy filtered resources.
2023-08-14 06:33:21,583 [Worker-23: Building] INFO  o.e.m.c.i.embedder.EclipseLogger - Copying 0 resource
2023-08-14 06:33:21,588 [Worker-23: Building] INFO  o.e.m.c.i.embedder.EclipseLogger - Using 'UTF-8' encoding to copy filtered resources.
2023-08-14 06:33:21,590 [Worker-23: Building] INFO  o.e.m.c.i.embedder.EclipseLogger - skip non existing resourceDirectory D:\springproj\Spring web mvc\basicweb\src\test\resources
2023-08-14 06:33:28,229 [Worker-24: Building] INFO  o.e.m.c.i.embedder.EclipseLogger - Using 'UTF-8' encoding to copy filtered resources.
2023-08-14 06:33:28,230 [Worker-24: Building] INFO  o.e.m.c.i.embedder.EclipseLogger - Copying 0 resource
2023-08-14 06:33:28,234 [Worker-24: Building] INFO  o.e.m.c.i.embedder.EclipseLogger - Using 'UTF-8' encoding to copy filtered resources.
2023-08-14 06:33:28,234 [Worker-24: Building] INFO  o.e.m.c.i.embedder.EclipseLogger - skip non existing resourceDirectory D:\springproj\Spring web mvc\basicweb\src\test\resources
2023-08-14 07:03:55,054 [Worker-2: Loading available Gradle versions] INFO  o.e.b.c.i.u.g.PublishedGradleVersions - Gradle version information cache is up-to-date. Trying to read.
2023-08-14 07:03:59,687 [Worker-15: Building] INFO  o.e.m.c.i.embedder.EclipseLogger - Using 'UTF-8' encoding to copy filtered resources.
2023-08-14 07:03:59,703 [Worker-15: Building] INFO  o.e.m.c.i.embedder.EclipseLogger - Copying 0 resource
2023-08-14 07:03:59,713 [Worker-15: Building] INFO  o.e.m.c.i.embedder.EclipseLogger - Using 'UTF-8' encoding to copy filtered resources.
2023-08-14 07:03:59,714 [Worker-15: Building] INFO  o.e.m.c.i.embedder.EclipseLogger - skip non existing resourceDirectory D:\springproj\Spring web mvc\basicweb\src\test\resources
2023-08-14 07:04:22,136 [Worker-11: Updating Maven Project] INFO  o.e.m.c.i.p.ProjectConfigurationManager - Update started
2023-08-14 07:04:23,081 [Worker-11: Updating Maven Project] INFO  o.e.m.c.i.l.LifecycleMappingFactory - Using org.maven.ide.eclipse.wtp.WarLifecycleMapping lifecycle mapping for MavenProject: mvc:basicweb:1.0.0 @ D:\springproj\Spring web mvc\basicweb\pom.xml.
2023-08-14 07:04:24,125 [Worker-11: Updating Maven Project] INFO  o.e.m.j.i.AbstractJavaProjectConfigurator - Adding source folder /basicweb/src/main/java
2023-08-14 07:04:24,126 [Worker-11: Updating Maven Project] INFO  o.e.m.j.i.AbstractJavaProjectConfigurator - Adding resource folder /basicweb/src/main/resources
2023-08-14 07:04:24,128 [Worker-11: Updating Maven Project] INFO  o.e.m.j.i.AbstractJavaProjectConfigurator - Adding source folder /basicweb/src/test/java
2023-08-14 07:04:24,764 [Worker-11: Updating Maven Project] INFO  o.e.m.w.i.f.ResourceFilteringBuildParticipant - Cleaning filtered folder for basicweb
2023-08-14 07:04:24,788 [Worker-11: Updating Maven Project] INFO  o.e.m.c.i.p.ProjectConfigurationManager - Update completed for 1 poms: local refresh takes 0.00 sec, refresh facades takes 1.00 sec, update config takes 0.00 sec 
2023-08-14 07:04:25,056 [Worker-8: Building] INFO  o.e.m.c.i.embedder.EclipseLogger - Using 'UTF-8' encoding to copy filtered resources.
2023-08-14 07:04:25,059 [Worker-8: Building] INFO  o.e.m.c.i.embedder.EclipseLogger - Copying 0 resource
2023-08-14 07:04:25,064 [Worker-8: Building] INFO  o.e.m.c.i.embedder.EclipseLogger - Using 'UTF-8' encoding to copy filtered resources.
2023-08-14 07:04:25,064 [Worker-8: Building] INFO  o.e.m.c.i.embedder.EclipseLogger - skip non existing resourceDirectory D:\springproj\Spring web mvc\basicweb\src\test\resources
2023-08-14 07:04:25,065 [Worker-8: Building] INFO  o.e.m.w.i.f.ResourceFilteringBuildParticipant - Changed resources require a complete clean of filtered resources of basicweb
2023-08-14 07:04:25,066 [Worker-8: Building] INFO  o.e.m.w.i.f.ResourceFilteringBuildParticipant - Executing resource filtering for basicweb
2023-08-14 07:04:25,078 [Worker-8: Building] INFO  o.e.m.c.i.embedder.EclipseLogger - Using 'UTF-8' encoding to copy filtered resources.
2023-08-24 12:01:57,022 [Worker-4: Loading available Gradle versions] INFO  o.e.b.c.i.u.g.PublishedGradleVersions - Gradle version information cache is out-of-date. Trying to update.
2023-08-24 12:03:59,354 [Worker-12: Importing Maven projects] INFO  o.e.m.c.i.l.LifecycleMappingFactory - Using org.maven.ide.eclipse.wtp.WarLifecycleMapping lifecycle mapping for MavenProject: restful:multiiocweb:1.0-SNAPSHOT @ D:\springproj\Spring web mvc\multiiocweb\pom.xml.
2023-08-24 12:04:02,141 [Worker-12: Importing Maven projects] INFO  o.e.m.j.i.AbstractJavaProjectConfigurator - Adding source folder /multiiocweb/src/main/java
2023-08-24 12:04:02,141 [Worker-12: Importing Maven projects] INFO  o.e.m.j.i.AbstractJavaProjectConfigurator - Adding resource folder /multiiocweb/src/main/resources
2023-08-24 12:04:02,155 [Worker-12: Importing Maven projects] INFO  o.e.m.j.i.AbstractJavaProjectConfigurator - Adding source folder /multiiocweb/src/test/java
2023-08-24 12:04:03,139 [Worker-12: Importing Maven projects] INFO  o.e.m.c.i.p.ProjectConfigurationManager - Imported and configured 1 project(s) in 7 sec
2023-08-24 12:04:04,556 [Worker-3: Building] INFO  o.e.m.c.i.embedder.EclipseLogger - Using 'UTF-8' encoding to copy filtered resources.
2023-08-24 12:04:04,561 [Worker-3: Building] INFO  o.e.m.c.i.embedder.EclipseLogger - Copying 0 resource
2023-08-24 12:04:04,563 [Worker-3: Building] INFO  o.e.m.c.i.embedder.EclipseLogger - Using 'UTF-8' encoding to copy filtered resources.
2023-08-24 12:04:04,563 [Worker-3: Building] INFO  o.e.m.c.i.embedder.EclipseLogger - skip non existing resourceDirectory D:\springproj\Spring web mvc\multiiocweb\src\test\resources
2023-08-24 12:04:21,205 [Worker-3: Importing Maven projects] INFO  o.e.m.c.i.l.LifecycleMappingFactory - Using org.maven.ide.eclipse.wtp.WarLifecycleMapping lifecycle mapping for MavenProject: springmvc:Handlermappingweb:1.0-SNAPSHOT @ D:\springproj\Spring web mvc\Handlermappingweb\pom.xml.
2023-08-24 12:04:21,364 [Worker-3: Importing Maven projects] INFO  o.e.m.j.i.AbstractJavaProjectConfigurator - Adding source folder /Handlermappingweb/src/main/java
2023-08-24 12:04:21,365 [Worker-3: Importing Maven projects] INFO  o.e.m.j.i.AbstractJavaProjectConfigurator - Adding resource folder /Handlermappingweb/src/main/resources
2023-08-24 12:04:21,368 [Worker-3: Importing Maven projects] INFO  o.e.m.j.i.AbstractJavaProjectConfigurator - Adding source folder /Handlermappingweb/src/test/java
2023-08-24 12:04:21,799 [Worker-3: Importing Maven projects] INFO  o.e.m.c.i.p.ProjectConfigurationManager - Imported and configured 1 project(s) in 0 sec
2023-08-24 12:04:22,065 [Worker-14: Building] INFO  o.e.m.c.i.embedder.EclipseLogger - Using 'UTF-8' encoding to copy filtered resources.
2023-08-24 12:04:22,066 [Worker-14: Building] INFO  o.e.m.c.i.embedder.EclipseLogger - Copying 0 resource
2023-08-24 12:04:22,070 [Worker-14: Building] INFO  o.e.m.c.i.embedder.EclipseLogger - Using 'UTF-8' encoding to copy filtered resources.
2023-08-24 12:04:22,070 [Worker-14: Building] INFO  o.e.m.c.i.embedder.EclipseLogger - skip non existing resourceDirectory D:\springproj\Spring web mvc\Handlermappingweb\src\test\resources
2023-08-24 12:04:23,659 [Worker-2: Building] INFO  o.e.m.c.i.embedder.EclipseLogger - Using 'UTF-8' encoding to copy filtered resources.
2023-08-24 12:04:23,662 [Worker-2: Building] INFO  o.e.m.c.i.embedder.EclipseLogger - Copying 0 resource
2023-08-24 12:04:23,664 [Worker-2: Building] INFO  o.e.m.c.i.embedder.EclipseLogger - Using 'UTF-8' encoding to copy filtered resources.
2023-08-24 12:04:23,666 [Worker-2: Building] INFO  o.e.m.c.i.embedder.EclipseLogger - skip non existing resourceDirectory D:\springproj\Spring web mvc\Handlermappingweb\src\test\resources
2023-08-30 19:39:05,194 [Worker-3: Loading available Gradle versions] INFO  o.e.b.c.i.u.g.PublishedGradleVersions - Gradle version information cache is out-of-date. Trying to update.
2023-08-30 19:53:16,880 [Worker-15: Building] INFO  o.e.m.c.i.l.LifecycleMappingFactory - Using org.maven.ide.eclipse.wtp.WarLifecycleMapping lifecycle mapping for MavenProject: springmvc:Handlermappingweb:1.0-SNAPSHOT @ D:\springproj\Spring web mvc\Handlermappingweb\pom.xml.
2023-08-30 19:53:22,512 [Worker-15: Building] INFO  o.e.m.c.i.embedder.EclipseLogger - Using 'UTF-8' encoding to copy filtered resources.
2023-08-30 19:53:22,524 [Worker-15: Building] INFO  o.e.m.c.i.embedder.EclipseLogger - Copying 0 resource
2023-08-30 19:53:22,534 [Worker-15: Building] INFO  o.e.m.c.i.embedder.EclipseLogger - Using 'UTF-8' encoding to copy filtered resources.
2023-08-30 19:53:22,534 [Worker-15: Building] INFO  o.e.m.c.i.embedder.EclipseLogger - skip non existing resourceDirectory D:\springproj\Spring web mvc\Handlermappingweb\src\test\resources
2023-08-30 19:53:22,629 [Worker-15: Building] INFO  o.e.m.w.i.f.ResourceFilteringBuildParticipant - Changed resources require a complete clean of filtered resources of Handlermappingweb
2023-08-30 19:53:22,631 [Worker-15: Building] INFO  o.e.m.w.i.f.ResourceFilteringBuildParticipant - Executing resource filtering for Handlermappingweb
2023-08-30 19:53:22,642 [Worker-15: Building] INFO  o.e.m.c.i.embedder.EclipseLogger - Using 'UTF-8' encoding to copy filtered resources.
2023-08-30 19:53:22,771 [Worker-0: Download sources and javadoc] INFO  o.e.m.c.i.e.AbstractTransferListenerAdapter - Downloading https://repo.maven.apache.org/maven2/javax/servlet/javax.servlet-api/4.0.1/javax.servlet-api-4.0.1-sources.jar
2023-08-30 19:53:23,019 [Worker-0: Download sources and javadoc] INFO  o.e.m.c.i.e.AbstractTransferListenerAdapter - Downloaded https://repo.maven.apache.org/maven2/javax/servlet/javax.servlet-api/4.0.1/javax.servlet-api-4.0.1-sources.jar
2023-08-30 19:53:23,028 [Worker-0: Download sources and javadoc] INFO  o.e.m.j.internal.DownloadSourcesJob - Downloaded sources for javax.servlet:javax.servlet-api:4.0.1
2023-08-30 19:53:58,219 [Worker-3: Loading available Gradle versions] INFO  o.e.b.c.i.u.g.PublishedGradleVersions - Gradle version information cache is up-to-date. Trying to read.
2023-08-30 19:54:10,230 [Worker-8: Building] INFO  o.e.m.c.i.embedder.EclipseLogger - Using 'UTF-8' encoding to copy filtered resources.
2023-08-30 19:54:10,241 [Worker-8: Building] INFO  o.e.m.c.i.embedder.EclipseLogger - Copying 0 resource
2023-08-30 19:54:10,252 [Worker-8: Building] INFO  o.e.m.c.i.embedder.EclipseLogger - Using 'UTF-8' encoding to copy filtered resources.
2023-08-30 19:54:10,253 [Worker-8: Building] INFO  o.e.m.c.i.embedder.EclipseLogger - skip non existing resourceDirectory D:\springproj\Spring web mvc\Handlermappingweb\src\test\resources
2023-08-30 19:54:12,767 [Worker-8: Building] INFO  o.e.m.c.i.embedder.EclipseLogger - Using 'UTF-8' encoding to copy filtered resources.
2023-08-30 19:54:12,769 [Worker-8: Building] INFO  o.e.m.c.i.embedder.EclipseLogger - Copying 0 resource
2023-08-30 19:54:12,775 [Worker-8: Building] INFO  o.e.m.c.i.embedder.EclipseLogger - Using 'UTF-8' encoding to copy filtered resources.
2023-08-30 19:54:12,776 [Worker-8: Building] INFO  o.e.m.c.i.embedder.EclipseLogger - skip non existing resourceDirectory D:\springproj\Spring web mvc\basicweb\src\test\resources
2023-08-30 19:54:12,780 [Worker-8: Building] INFO  o.e.m.w.i.f.ResourceFilteringBuildParticipant - Changed resources require a complete clean of filtered resources of basicweb
2023-08-30 19:54:12,782 [Worker-8: Building] INFO  o.e.m.w.i.f.ResourceFilteringBuildParticipant - Executing resource filtering for basicweb
2023-08-30 19:54:12,861 [Worker-8: Building] INFO  o.e.m.c.i.embedder.EclipseLogger - Using 'UTF-8' encoding to copy filtered resources.
2023-08-30 19:54:20,489 [Worker-4: Building] INFO  o.e.m.c.i.embedder.EclipseLogger - Using 'UTF-8' encoding to copy filtered resources.
2023-08-30 19:54:20,495 [Worker-4: Building] INFO  o.e.m.c.i.embedder.EclipseLogger - Copying 0 resource
2023-08-30 19:54:20,503 [Worker-4: Building] INFO  o.e.m.c.i.embedder.EclipseLogger - Using 'UTF-8' encoding to copy filtered resources.
2023-08-30 19:54:20,503 [Worker-4: Building] INFO  o.e.m.c.i.embedder.EclipseLogger - skip non existing resourceDirectory D:\springproj\Spring web mvc\Handlermappingweb\src\test\resources
2023-08-30 19:54:20,857 [Worker-4: Building] INFO  o.e.m.c.i.embedder.EclipseLogger - Using 'UTF-8' encoding to copy filtered resources.
2023-08-30 19:54:20,858 [Worker-4: Building] INFO  o.e.m.c.i.embedder.EclipseLogger - Copying 0 resource
2023-08-30 19:54:20,863 [Worker-4: Building] INFO  o.e.m.c.i.embedder.EclipseLogger - Using 'UTF-8' encoding to copy filtered resources.
2023-08-30 19:54:20,863 [Worker-4: Building] INFO  o.e.m.c.i.embedder.EclipseLogger - skip non existing resourceDirectory D:\springproj\Spring web mvc\multiiocweb\src\test\resources
2023-08-30 19:54:22,719 [Worker-11: Updating Maven Project] INFO  o.e.m.c.i.p.ProjectConfigurationManager - Update started
2023-08-30 19:54:24,567 [Worker-11: Updating Maven Project] INFO  o.e.m.c.i.l.LifecycleMappingFactory - Using org.maven.ide.eclipse.wtp.WarLifecycleMapping lifecycle mapping for MavenProject: springmvc:Handlermappingweb:1.0-SNAPSHOT @ D:\springproj\Spring web mvc\Handlermappingweb\pom.xml.
2023-08-30 19:54:25,955 [Worker-11: Updating Maven Project] INFO  o.e.m.j.i.AbstractJavaProjectConfigurator - Adding source folder /Handlermappingweb/src/main/java
2023-08-30 19:54:25,956 [Worker-11: Updating Maven Project] INFO  o.e.m.j.i.AbstractJavaProjectConfigurator - Adding resource folder /Handlermappingweb/src/main/resources
2023-08-30 19:54:25,959 [Worker-11: Updating Maven Project] INFO  o.e.m.j.i.AbstractJavaProjectConfigurator - Adding source folder /Handlermappingweb/src/test/java
2023-08-30 19:54:26,536 [Worker-11: Updating Maven Project] INFO  o.e.m.w.i.f.ResourceFilteringBuildParticipant - Cleaning filtered folder for Handlermappingweb
2023-08-30 19:54:26,549 [Worker-11: Updating Maven Project] INFO  o.e.m.c.i.p.ProjectConfigurationManager - Update completed for 1 poms: local refresh takes 0.00 sec, refresh facades takes 3.00 sec, update config takes 0.00 sec 
2023-08-30 19:54:26,861 [Worker-10: Building] INFO  o.e.m.c.i.embedder.EclipseLogger - Using 'UTF-8' encoding to copy filtered resources.
2023-08-30 19:54:26,862 [Worker-10: Building] INFO  o.e.m.c.i.embedder.EclipseLogger - Copying 0 resource
2023-08-30 19:54:26,866 [Worker-10: Building] INFO  o.e.m.c.i.embedder.EclipseLogger - Using 'UTF-8' encoding to copy filtered resources.
2023-08-30 19:54:26,867 [Worker-10: Building] INFO  o.e.m.c.i.embedder.EclipseLogger - skip non existing resourceDirectory D:\springproj\Spring web mvc\Handlermappingweb\src\test\resources
2023-08-30 19:54:26,867 [Worker-10: Building] INFO  o.e.m.w.i.f.ResourceFilteringBuildParticipant - Changed resources require a complete clean of filtered resources of Handlermappingweb
2023-08-30 19:54:26,867 [Worker-10: Building] INFO  o.e.m.w.i.f.ResourceFilteringBuildParticipant - Executing resource filtering for Handlermappingweb
2023-08-30 19:54:26,877 [Worker-10: Building] INFO  o.e.m.c.i.embedder.EclipseLogger - Using 'UTF-8' encoding to copy filtered resources.
2023-08-30 19:56:22,706 [Worker-10: reload maven project] ERROR o.e.m.c.u.i.actions.SelectionUtil - Can't close stream
java.nio.file.FileAlreadyExistsException: C:\Users\bhavn\AppData\Local\Temp\maven-pom7109903258303202115.pom
	at java.base/sun.nio.fs.WindowsException.translateToIOException(WindowsException.java:87)
	at java.base/sun.nio.fs.WindowsException.rethrowAsIOException(WindowsException.java:103)
	at java.base/sun.nio.fs.WindowsException.rethrowAsIOException(WindowsException.java:108)
	at java.base/sun.nio.fs.WindowsFileSystemProvider.newByteChannel(WindowsFileSystemProvider.java:236)
	at java.base/java.nio.file.spi.FileSystemProvider.newOutputStream(FileSystemProvider.java:484)
	at java.base/java.nio.file.Files.newOutputStream(Files.java:228)
	at java.base/java.nio.file.Files.copy(Files.java:3160)
	at org.eclipse.m2e.core.ui.internal.actions.SelectionUtil.getMavenProject(SelectionUtil.java:251)
	at org.eclipse.m2e.editor.pom.MavenPomEditor.readMavenProject(MavenPomEditor.java:707)
	at org.eclipse.m2e.editor.pom.MavenPomEditor$4.run(MavenPomEditor.java:1027)
	at org.eclipse.core.internal.jobs.Worker.run(Worker.java:63)
2023-09-13 00:36:06,534 [Worker-3: Loading available Gradle versions] INFO  o.e.b.c.i.u.g.PublishedGradleVersions - Gradle version information cache is out-of-date. Trying to update.
2023-09-13 00:37:39,963 [Worker-12: Building] INFO  o.e.m.c.i.embedder.EclipseLogger - Using 'UTF-8' encoding to copy filtered resources.
2023-09-13 00:37:39,970 [Worker-12: Building] INFO  o.e.m.c.i.embedder.EclipseLogger - Copying 0 resource
2023-09-13 00:37:39,973 [Worker-12: Building] INFO  o.e.m.c.i.embedder.EclipseLogger - Using 'UTF-8' encoding to copy filtered resources.
2023-09-13 00:37:39,974 [Worker-12: Building] INFO  o.e.m.c.i.embedder.EclipseLogger - skip non existing resourceDirectory D:\springproj\Spring web mvc\Handlermappingweb\src\test\resources
2023-09-13 00:37:41,539 [Worker-3: Building] INFO  o.e.m.c.i.embedder.EclipseLogger - Using 'UTF-8' encoding to copy filtered resources.
2023-09-13 00:37:41,539 [Worker-3: Building] INFO  o.e.m.c.i.embedder.EclipseLogger - Copying 0 resource
2023-09-13 00:37:41,542 [Worker-3: Building] INFO  o.e.m.c.i.embedder.EclipseLogger - Using 'UTF-8' encoding to copy filtered resources.
2023-09-13 00:37:41,542 [Worker-3: Building] INFO  o.e.m.c.i.embedder.EclipseLogger - skip non existing resourceDirectory D:\springproj\Spring web mvc\multiiocweb\src\test\resources
2023-09-13 00:37:45,894 [Worker-10: Building] INFO  o.e.m.c.i.embedder.EclipseLogger - Using 'UTF-8' encoding to copy filtered resources.
2023-09-13 00:37:45,899 [Worker-10: Building] INFO  o.e.m.c.i.embedder.EclipseLogger - Copying 0 resource
2023-09-13 00:37:45,903 [Worker-10: Building] INFO  o.e.m.c.i.embedder.EclipseLogger - Using 'UTF-8' encoding to copy filtered resources.
2023-09-13 00:37:45,903 [Worker-10: Building] INFO  o.e.m.c.i.embedder.EclipseLogger - skip non existing resourceDirectory D:\springproj\Spring web mvc\Handlermappingweb\src\test\resources
2023-09-13 00:37:58,944 [Worker-5: Building] INFO  o.e.m.c.i.embedder.EclipseLogger - Using 'UTF-8' encoding to copy filtered resources.
2023-09-13 00:37:58,945 [Worker-5: Building] INFO  o.e.m.c.i.embedder.EclipseLogger - Copying 0 resource
2023-09-13 00:37:58,948 [Worker-5: Building] INFO  o.e.m.c.i.embedder.EclipseLogger - Using 'UTF-8' encoding to copy filtered resources.
2023-09-13 00:37:58,948 [Worker-5: Building] INFO  o.e.m.c.i.embedder.EclipseLogger - skip non existing resourceDirectory D:\springproj\Spring web mvc\Handlermappingweb\src\test\resources
